### DSGEN: 2022-11-29 11:53:15,967 INFO  c.o.t.h.T24HeadlessGenStartupCore,58: 1 No of contributor plugin for Setup
### DSGEN: 2022-11-29 11:53:15,967 INFO  c.o.t.h.T24HeadlessGenStartupCore,61: Contributor plugin came for setup com.temenos.t24.api.headlessgenstartup
### DSGEN: 2022-11-29 11:53:15,983 INFO  c.o.t.h.T24HeadlessGenStartupCore,65: Calling setup for com.temenos.t24.api.headlessgenstartup plugin
### DSGEN: 2022-11-29 11:53:15,983 INFO  c.t.t.a.h.APIHeadlessGenStartup,15: Setup method called for APIHeadlessGenStartup
### DSGEN: 2022-11-29 11:53:16,000 INFO  c.t.t.a.h.APIHeadlessGenStartup,17: Setup method ModelStandaloneSetup called
### DSGEN: 2022-11-29 11:53:16,032 INFO  c.t.t.a.h.APIHeadlessGenStartup,20: Setup method InventoryDSLStandaloneSetup called
### DSGEN: 2022-11-29 11:53:16,064 INFO  c.t.t.a.h.APIHeadlessGenStartup,23: Setup method ended for APIHeadlessGenStartup
### DSGEN: 2022-11-29 11:53:16,083 INFO  c.o.w.core.app.AbstractDSApplication,66: This is the DS Generator version 20.1 (revision: b66d038db27327ba5d9d1d8259ab3b412d37ca46)
### DSGEN: 2022-11-29 11:53:16,083 INFO  c.o.w.core.app.AbstractDSApplication,24: Heap stats; used: 84 MB, free: 844 MB, total: 929 MB, max: 3641 MB
### DSGEN: 2022-11-29 11:53:16,083 INFO  c.o.w.core.helper.FeatureSwitches,522: DS Feature Switch: ds.resource.cache.maxsize=-1
### DSGEN: 2022-11-29 11:53:16,083 INFO  c.o.w.core.helper.FeatureSwitches,537: DS Feature Switch: ds.dataset.cache.enabled=true
### DSGEN: 2022-11-29 11:53:16,083 INFO  c.o.w.core.helper.FeatureSwitches,537: DS Feature Switch: ds.t24.gen.xml.failonerror=true
### DSGEN: 2022-11-29 11:53:16,083 INFO  c.o.w.core.helper.FeatureSwitches,537: DS Feature Switch: ds.t24.jbc.dssubroutine.enabled=true
### DSGEN: 2022-11-29 11:53:16,083 INFO  c.o.w.core.helper.FeatureSwitches,537: DS Feature Switch: ds.t24.bt.iris.disabled=false
### DSGEN: 2022-11-29 11:53:16,083 INFO  c.o.w.core.helper.FeatureSwitches,553: DS Feature Switch: ds.gen.filteredModels.file=
### DSGEN: 2022-11-29 11:53:16,083 INFO  c.o.w.core.helper.FeatureSwitches,553: DS Feature Switch: ds.core.import.model.releaseIds=
### DSGEN: 2022-11-29 11:53:16,083 INFO  c.o.w.core.helper.FeatureSwitches,553: DS Feature Switch: ds.delta.package.filter.file=
### DSGEN: 2022-11-29 11:53:16,083 INFO  c.o.w.core.helper.FeatureSwitches,553: DS Feature Switch: ds.t24.server.properties.file=
### DSGEN: 2022-11-29 11:53:16,083 INFO  c.o.w.core.helper.FeatureSwitches,553: DS Feature Switch: ds.t24.applications.import.folder=
### DSGEN: 2022-11-29 11:53:16,099 INFO  c.o.w.core.helper.FeatureSwitches,553: DS Feature Switch: ds.t24.applications.import.filterfile=
### DSGEN: 2022-11-29 11:53:16,099 INFO  c.o.w.core.helper.FeatureSwitches,537: DS Feature Switch: ds.t24.applications.invalid.check=false
### DSGEN: 2022-11-29 11:53:16,099 INFO  c.o.w.core.helper.FeatureSwitches,537: DS Feature Switch: ds.t24.models.import.no.subfolder=false
### DSGEN: 2022-11-29 11:53:16,099 INFO  c.o.w.core.helper.FeatureSwitches,553: DS Feature Switch: ds.t24.models.import.folder.structure=
### DSGEN: 2022-11-29 11:53:16,099 INFO  c.o.w.core.helper.FeatureSwitches,553: DS Feature Switch: ds.t24.models.import.default.product=NOPROD
### DSGEN: 2022-11-29 11:53:16,099 INFO  c.o.w.core.helper.FeatureSwitches,553: DS Feature Switch: ds.t24.models.import.default.component=NO_Component
### DSGEN: 2022-11-29 11:53:16,099 INFO  c.o.w.core.helper.FeatureSwitches,553: DS Feature Switch: ds.import.filteredModels.file=
### DSGEN: 2022-11-29 11:53:16,099 INFO  c.o.w.core.helper.FeatureSwitches,537: DS Feature Switch: ds.t24.application.import.local=false
### DSGEN: 2022-11-29 11:53:16,099 INFO  c.o.w.core.helper.FeatureSwitches,553: DS Feature Switch: ds.t24.application.import.datafolder=
### DSGEN: 2022-11-29 11:53:16,099 INFO  c.o.w.core.helper.FeatureSwitches,553: DS Feature Switch: ds.t24.models.toImport=
### DSGEN: 2022-11-29 11:53:16,099 INFO  c.o.w.core.helper.FeatureSwitches,537: DS Feature Switch: ds.domain.jvmtypes=true
### DSGEN: 2022-11-29 11:53:16,099 INFO  c.o.w.core.helper.FeatureSwitches,522: DS Feature Switch: ds.domain.ecore=2
### DSGEN: 2022-11-29 11:53:16,099 INFO  c.o.w.core.helper.FeatureSwitches,537: DS Feature Switch: ds.gen.refreshOutputFolders=true
### DSGEN: 2022-11-29 11:53:16,099 INFO  c.o.w.core.helper.FeatureSwitches,537: DS Feature Switch: ds.gen.headless.stop=true
### DSGEN: 2022-11-29 11:53:16,099 INFO  c.o.w.core.helper.FeatureSwitches,537: DS Feature Switch: ds.gen.memory.autoclean=true
### DSGEN: 2022-11-29 11:53:16,099 INFO  c.o.w.core.helper.FeatureSwitches,522: DS Feature Switch: ds.gen.memory.autoclean.strategy=2
### DSGEN: 2022-11-29 11:53:16,099 INFO  c.o.w.core.helper.FeatureSwitches,537: DS Feature Switch: ds.gen.fake=false
### DSGEN: 2022-11-29 11:53:16,099 INFO  c.o.w.core.helper.FeatureSwitches,537: DS Feature Switch: ds.ignoreValidationErrors=false
### DSGEN: 2022-11-29 11:53:16,099 INFO  c.o.w.core.helper.FeatureSwitches,537: DS Feature Switch: ds.skipDomainGenerationForIRIS=false
### DSGEN: 2022-11-29 11:53:16,099 INFO  c.o.w.core.helper.FeatureSwitches,537: DS Feature Switch: ds.skipRimGenerationForIRIS=false
### DSGEN: 2022-11-29 11:53:16,104 INFO  c.o.w.core.helper.FeatureSwitches,537: DS Feature Switch: ds.xtext.builder.free=true
### DSGEN: 2022-11-29 11:53:16,104 INFO  c.o.w.core.helper.FeatureSwitches,537: DS Feature Switch: ds.xtext.builder.parallel=true
### DSGEN: 2022-11-29 11:53:16,105 INFO  c.o.w.core.helper.FeatureSwitches,537: DS Feature Switch: ds.checkInfiniteCallInLogger=false
### DSGEN: 2022-11-29 11:53:16,105 INFO  c.o.w.core.helper.FeatureSwitches,537: DS Feature Switch: ds.checkInfiniteCallInLoggerSneakyThrow=false
### DSGEN: 2022-11-29 11:53:16,105 INFO  c.o.w.core.helper.FeatureSwitches,553: DS Feature Switch: ds.t24.gen.iris.outdir=null
### DSGEN: 2022-11-29 11:53:16,105 INFO  c.o.w.core.helper.FeatureSwitches,553: DS Feature Switch: ds.t24.gen.edge.datadir=null
### DSGEN: 2022-11-29 11:53:16,105 INFO  c.o.w.core.helper.FeatureSwitches,537: DS Feature Switch: ds.gen.auto=false
### DSGEN: 2022-11-29 11:53:16,105 INFO  c.o.w.core.helper.FeatureSwitches,537: DS Feature Switch: ds.t24.checkNameConflicts=true
### DSGEN: 2022-11-29 11:53:16,105 INFO  c.o.w.core.helper.FeatureSwitches,537: DS Feature Switch: ds.t24.iris.metadata.selection.fields.only=false
### DSGEN: 2022-11-29 11:53:16,105 INFO  c.o.w.core.helper.FeatureSwitches,537: DS Feature Switch: ds.t24.gen.defaultversions=false
### DSGEN: 2022-11-29 11:53:16,105 INFO  c.o.w.core.helper.FeatureSwitches,553: DS Feature Switch: ds.t24.gen.data.format=data.eson
### DSGEN: 2022-11-29 11:53:16,105 INFO  c.o.w.core.helper.FeatureSwitches,553: DS Feature Switch: ds.t24.deploy.eson.connection=DesignStudioInstaller
### DSGEN: 2022-11-29 11:53:16,105 INFO  c.o.w.core.helper.FeatureSwitches,537: DS Feature Switch: ds.t24.deploy.eson.addNoInputFields=false
### DSGEN: 2022-11-29 11:53:16,105 INFO  c.o.w.core.helper.FeatureSwitches,537: DS Feature Switch: ds.t24.gen.data.format.singleByte=false
### DSGEN: 2022-11-29 11:53:16,105 INFO  c.o.w.core.helper.FeatureSwitches,553: DS Feature Switch: ds.t24.gen.active.profiles=default
### DSGEN: 2022-11-29 11:53:16,105 INFO  c.o.w.core.helper.FeatureSwitches,537: DS Feature Switch: ds.t24.gen.activate.profiles=false
### DSGEN: 2022-11-29 11:53:16,105 INFO  c.o.w.core.helper.FeatureSwitches,553: DS Feature Switch: ds.iris.useFieldLabelAsName=false
### DSGEN: 2022-11-29 11:53:16,105 INFO  c.o.w.core.helper.FeatureSwitches,537: DS Feature Switch: ds.t24.duplicate.model.asWarning=false
### DSGEN: 2022-11-29 11:53:16,105 INFO  c.o.w.core.helper.FeatureSwitches,553: DS Feature Switch: ds.t24.import.coreModels.lineReturnChars=?
### DSGEN: 2022-11-29 11:53:16,105 INFO  c.o.w.core.helper.FeatureSwitches,553: DS Feature Switch: ds.validation.disabled.in.folders=
### DSGEN: 2022-11-29 11:53:16,105 INFO  c.o.w.core.helper.FeatureSwitches,553: DS Feature Switch: ds.headless.junit.folder=
### DSGEN: 2022-11-29 11:53:16,105 INFO  c.o.w.core.helper.FeatureSwitches,537: DS Feature Switch: ds.show.internal.templates=false
### DSGEN: 2022-11-29 11:53:16,105 INFO  c.o.w.core.helper.FeatureSwitches,537: DS Feature Switch: ds.t24.api.generation.test.structure=false
### DSGEN: 2022-11-29 11:53:16,105 INFO  c.o.w.core.helper.FeatureSwitches,553: DS Feature Switch: ds.t24.bulkImport.models.csvFilePath=
### DSGEN: 2022-11-29 11:53:16,105 INFO  c.o.w.core.helper.FeatureSwitches,537: DS Feature Switch: ds.t24.bulkImport.modelsAsDataEsons=false
### DSGEN: 2022-11-29 11:53:16,105 INFO  c.o.w.core.helper.FeatureSwitches,537: DS Feature Switch: ds.t24.data.eson.multicompany=false
### DSGEN: 2022-11-29 11:53:16,105 INFO  c.o.w.core.helper.FeatureSwitches,553: DS Feature Switch: ds.t24.bulkImport.dataEsonsProjectPath=
### DSGEN: 2022-11-29 11:53:16,105 INFO  c.o.w.core.helper.FeatureSwitches,537: DS Feature Switch: ds.t24.data.eson.validations=true
### DSGEN: 2022-11-29 11:53:16,105 INFO  c.o.w.core.helper.FeatureSwitches,537: DS Feature Switch: ds.t24.run.resource.validations=false
### DSGEN: 2022-11-29 11:53:16,105 INFO  c.o.w.core.helper.FeatureSwitches,573: DS Feature Switch: ds.t24.models.toImport.model=Normal
### DSGEN: 2022-11-29 11:53:16,105 INFO  c.o.w.core.helper.FeatureSwitches,553: DS Feature Switch: ds.t24.models.toImport.l3.prefixes=
### DSGEN: 2022-11-29 11:53:16,105 INFO  c.o.w.core.helper.FeatureSwitches,537: DS Feature Switch: ds.t24.models.toImport.analysis.skip=false
### DSGEN: 2022-11-29 11:53:16,105 INFO  c.o.w.core.helper.FeatureSwitches,537: DS Feature Switch: ds.t24.models.toImport.use.model.importers=false
### DSGEN: 2022-11-29 11:53:16,105 INFO  c.o.w.core.helper.FeatureSwitches,537: DS Feature Switch: ds.t24.models.clear.previous.l3.analysis=false
### DSGEN: 2022-11-29 11:53:16,105 INFO  c.o.w.core.helper.FeatureSwitches,553: DS Feature Switch: ds.core.import.model.releaseIds=
### DSGEN: 2022-11-29 11:53:16,105 INFO  c.o.w.core.helper.FeatureSwitches,537: DS Feature Switch: ds.t24.l3.reconciliation.asWarning=true
### DSGEN: 2022-11-29 11:53:16,105 INFO  c.o.w.core.app.AbstractDSApplication,134: java.vendor = Oracle Corporation
### DSGEN: 2022-11-29 11:53:16,105 INFO  c.o.w.core.app.AbstractDSApplication,134: osgi.bundles.defaultStartLevel = 4
### DSGEN: 2022-11-29 11:53:16,105 INFO  c.o.w.core.app.AbstractDSApplication,134: os.name = Windows 10
### DSGEN: 2022-11-29 11:53:16,105 INFO  c.o.w.core.app.AbstractDSApplication,134: osgi.ws = win32
### DSGEN: 2022-11-29 11:53:16,105 INFO  c.o.w.core.app.AbstractDSApplication,134: java.vm.specification.vendor = Oracle Corporation
### DSGEN: 2022-11-29 11:53:16,105 INFO  c.o.w.core.app.AbstractDSApplication,134: java.runtime.version = 1.8.0_121-b13
### DSGEN: 2022-11-29 11:53:16,105 INFO  c.o.w.core.app.AbstractDSApplication,134: osgi.instance.area = file:/C:/R20/R20_DesignStudioT24-R20.1/nani/ft-modelbank-models-gen/target/workspace/
### DSGEN: 2022-11-29 11:53:16,105 INFO  c.o.w.core.app.AbstractDSApplication,134: osgi.framework.extensions = 
### DSGEN: 2022-11-29 11:53:16,105 INFO  c.o.w.core.app.AbstractDSApplication,134: osgi.syspath = c:\R20\R20_DesignStudioT24-R20.1\t24-binaries\com\temenos\ds\DesignStudioT24-Generator\20.1\ds\plugins
### DSGEN: 2022-11-29 11:53:16,105 INFO  c.o.w.core.app.AbstractDSApplication,134: osgi.compatibility.bootdelegation.default = true
### DSGEN: 2022-11-29 11:53:16,105 INFO  c.o.w.core.app.AbstractDSApplication,134: osgi.compatibility.bootdelegation = true
### DSGEN: 2022-11-29 11:53:16,105 INFO  c.o.w.core.app.AbstractDSApplication,134: java.version = 1.8.0_121
### DSGEN: 2022-11-29 11:53:16,105 INFO  c.o.w.core.app.AbstractDSApplication,134: osgi.bundles = reference:file:org.eclipse.equinox.simpleconfigurator_1.1.200.v20160504-1450.jar@1:start
### DSGEN: 2022-11-29 11:53:16,105 INFO  c.o.w.core.app.AbstractDSApplication,134: java.endorsed.dirs = C:\R20\R20_DesignStudioT24-R20.1\jdk\jre\lib\endorsed
### DSGEN: 2022-11-29 11:53:16,105 INFO  c.o.w.core.app.AbstractDSApplication,134: osgi.tracefile = C:\R20\R20_DesignStudioT24-R20.1\nani\ft-modelbank-models-gen\target\workspace\.metadata\trace.log
### DSGEN: 2022-11-29 11:53:16,105 INFO  c.o.w.core.app.AbstractDSApplication,134: java.specification.name = Java Platform API Specification
### DSGEN: 2022-11-29 11:53:16,105 INFO  c.o.w.core.app.AbstractDSApplication,134: java.class.version = 52.0
### DSGEN: 2022-11-29 11:53:16,105 INFO  c.o.w.core.app.AbstractDSApplication,134: java.home = C:\R20\R20_DesignStudioT24-R20.1\jdk\jre
### DSGEN: 2022-11-29 11:53:16,105 INFO  c.o.w.core.app.AbstractDSApplication,134: osgi.os = win32
### DSGEN: 2022-11-29 11:53:16,105 INFO  c.o.w.core.app.AbstractDSApplication,134: java.vm.info = mixed mode
### DSGEN: 2022-11-29 11:53:16,105 INFO  c.o.w.core.app.AbstractDSApplication,134: os.version = 10.0
### DSGEN: 2022-11-29 11:53:16,105 INFO  c.o.w.core.app.AbstractDSApplication,134: osgi.arch = x86_64
### DSGEN: 2022-11-29 11:53:16,105 INFO  c.o.w.core.app.AbstractDSApplication,134: java.vm.version = 25.121-b13
### DSGEN: 2022-11-29 11:53:16,105 INFO  c.o.w.core.app.AbstractDSApplication,134: osgi.framework.shape = jar
### DSGEN: 2022-11-29 11:53:16,105 INFO  c.o.w.core.app.AbstractDSApplication,134: java.awt.printerjob = sun.awt.windows.WPrinterJob
### DSGEN: 2022-11-29 11:53:16,105 INFO  c.o.w.core.app.AbstractDSApplication,134: osgi.install.area = file:/C:/R20/R20_DesignStudioT24-R20.1/t24-binaries/com/temenos/ds/DesignStudioT24-Generator/20.1/ds/
### DSGEN: 2022-11-29 11:53:16,105 INFO  c.o.w.core.app.AbstractDSApplication,134: osgi.framework = file:/c:/R20/R20_DesignStudioT24-R20.1/t24-binaries/com/temenos/ds/DesignStudioT24-Generator/20.1/ds/plugins/org.eclipse.osgi_3.12.0.v20170118-2208.jar
### DSGEN: 2022-11-29 11:53:16,105 INFO  c.o.w.core.app.AbstractDSApplication,134: osgi.framework.useSystemProperties = true
### DSGEN: 2022-11-29 11:53:16,105 INFO  c.o.w.core.app.AbstractDSApplication,134: java.specification.vendor = Oracle Corporation
### DSGEN: 2022-11-29 11:53:16,105 INFO  c.o.w.core.app.AbstractDSApplication,134: osgi.nl = en_IN
### DSGEN: 2022-11-29 11:53:16,105 INFO  c.o.w.core.app.AbstractDSApplication,134: java.vendor.url = http://java.oracle.com/
### DSGEN: 2022-11-29 11:53:16,105 INFO  c.o.w.core.app.AbstractDSApplication,134: java.library.path = C:\R20\R20_DesignStudioT24-R20.1\jdk\jre\bin;C:\WINDOWS\Sun\Java\bin;C:\WINDOWS\system32;C:\WINDOWS;C:\Program Files\Common Files\Oracle\Java\javapath;C:\Program Files\Eclipse Foundation\jdk-11.0.12.7-hotspot\bin;C:\WINDOWS\system32;C:\WINDOWS;C:\WINDOWS\System32\Wbem;C:\WINDOWS\System32\WindowsPowerShell\v1.0\;C:\WINDOWS\System32\OpenSSH\;C:\Users\koramana\AppData\Local\Microsoft\WindowsApps;C:\Users\koramana\AppData\Local\GitHubDesktop\bin;C:\Users\koramana\AppData\Local\Programs\Git\cmd;C:\Users\koramana\AppData\Local\Programs\Microsoft VS Code\bin;.
### DSGEN: 2022-11-29 11:53:16,105 INFO  c.o.w.core.app.AbstractDSApplication,134: java.vm.vendor = Oracle Corporation
### DSGEN: 2022-11-29 11:53:16,105 INFO  c.o.w.core.app.AbstractDSApplication,134: java.runtime.name = Java(TM) SE Runtime Environment
### DSGEN: 2022-11-29 11:53:16,105 INFO  c.o.w.core.app.AbstractDSApplication,134: java.class.path = C:\R20\R20_DesignStudioT24-R20.1\t24-binaries\com\temenos\ds\DesignStudioT24-Generator\20.1\ds\plugins\org.eclipse.equinox.launcher_1.3.201.v20161025-1711.jar
### DSGEN: 2022-11-29 11:53:16,105 INFO  c.o.w.core.app.AbstractDSApplication,134: java.vm.specification.name = Java Virtual Machine Specification
### DSGEN: 2022-11-29 11:53:16,105 INFO  c.o.w.core.app.AbstractDSApplication,134: java.vm.specification.version = 1.8
### DSGEN: 2022-11-29 11:53:16,105 INFO  c.o.w.core.app.AbstractDSApplication,134: java.io.tmpdir = C:\Users\koramana\AppData\Local\Temp\
### DSGEN: 2022-11-29 11:53:16,105 INFO  c.o.w.core.app.AbstractDSApplication,134: java.vendor.url.bug = http://bugreport.sun.com/bugreport/
### DSGEN: 2022-11-29 11:53:16,105 INFO  c.o.w.core.app.AbstractDSApplication,134: java.awt.graphicsenv = sun.awt.Win32GraphicsEnvironment
### DSGEN: 2022-11-29 11:53:16,105 INFO  c.o.w.core.app.AbstractDSApplication,134: os.arch = amd64
### DSGEN: 2022-11-29 11:53:16,105 INFO  c.o.w.core.app.AbstractDSApplication,134: java.ext.dirs = C:\R20\R20_DesignStudioT24-R20.1\jdk\jre\lib\ext;C:\WINDOWS\Sun\Java\lib\ext
### DSGEN: 2022-11-29 11:53:16,105 INFO  c.o.w.core.app.AbstractDSApplication,134: osgi.clean = true
### DSGEN: 2022-11-29 11:53:16,105 INFO  c.o.w.core.app.AbstractDSApplication,134: java.vm.name = Java HotSpot(TM) 64-Bit Server VM
### DSGEN: 2022-11-29 11:53:16,105 INFO  c.o.w.core.app.AbstractDSApplication,134: java.specification.version = 1.8
### DSGEN: 2022-11-29 11:53:16,105 INFO  c.o.w.core.app.AbstractDSApplication,134: osgi.configuration.area = file:/C:/R20/R20_DesignStudioT24-R20.1/t24-binaries/com/temenos/ds/DesignStudioT24-Generator/20.1/ds/configuration/
### DSGEN: 2022-11-29 11:53:16,105 INFO  c.o.w.core.app.AbstractDSApplication,134: osgi.logfile = C:\R20\R20_DesignStudioT24-R20.1\nani\ft-modelbank-models-gen\target\workspace\.metadata\.log
### DSGEN: 2022-11-29 11:53:16,105 INFO  c.o.w.core.app.AbstractDSApplication,141: JVM Default locale: en_IN, platform encoding: Cp1252
### DSGEN: 2022-11-29 11:53:16,105 INFO  c.o.w.generation.headless.RunGeneration,74: Preparing workspace meta-data...
### DSGEN: 2022-11-29 11:53:18,410 INFO  c.o.w.core.app.AbstractDSApplication,24: Heap stats; used: 161 MB, free: 767 MB, total: 929 MB, max: 3641 MB
### DSGEN: 2022-11-29 11:53:18,442 INFO  c.o.w.core.app.AbstractDSApplication,254: Updating project configurations...
### DSGEN: 2022-11-29 11:53:20,239 INFO  com.odcgroup.workbench.core,69: Target Platform selected: 20.0.0.20200425194254 (default version). Available versions found: [].
### DSGEN: 2022-11-29 11:53:20,602 INFO  c.o.w.generation.headless.RunGeneration,24: Heap stats; used: 131 MB, free: 912 MB, total: 1044 MB, max: 3641 MB
### DSGEN: 2022-11-29 11:53:20,602 INFO  c.o.w.generation.headless.RunGeneration,80: Validating model dependencies...
### DSGEN: 2022-11-29 11:53:20,618 INFO  DSGeneratorTiming,89: Migration and loading of models Projects

### DSGEN: 2022-11-29 11:53:20,618 INFO  DSGeneratorTiming,90: Started at 2022.11.29 11:53:20
### DSGEN: 2022-11-29 11:53:20,618 INFO  c.o.w.generation.headless.RunGeneration,91: Migrating models...
### DSGEN: 2022-11-29 11:53:20,713 INFO  c.o.w.generation.headless.RunGeneration,95: Temporarily migrating translations into models...
### DSGEN: 2022-11-29 11:53:20,713 INFO  c.o.w.generation.headless.RunGeneration,98: Building model projects...
### DSGEN: 2022-11-29 11:53:26,907 INFO  DSGeneratorTiming,104: Completed at: 2022.11.29 11:53:26
### DSGEN: 2022-11-29 11:53:26,930 INFO  DSGeneratorTiming,106: Took: 6.298s
### DSGEN: 2022-11-29 11:53:26,931 INFO  DSGeneratorTiming,107: Total number of models: 964
### DSGEN: 2022-11-29 11:53:26,931 INFO  DSGeneratorTiming,108: ----------------------------------------------------------------------------

### DSGEN: 2022-11-29 11:53:26,931 INFO  c.o.w.generation.headless.RunGeneration,24: Heap stats; used: 669 MB, free: 375 MB, total: 1044 MB, max: 3641 MB
### DSGEN: 2022-11-29 11:53:26,931 INFO  c.o.w.generation.headless.RunGeneration,114: Validating models of packaged dependencies...
### DSGEN: 2022-11-29 11:53:26,931 INFO  c.o.w.generation.headless.RunGeneration,24: Heap stats; used: 669 MB, free: 375 MB, total: 1044 MB, max: 3641 MB
### DSGEN: 2022-11-29 11:53:26,931 INFO  c.o.w.generation.headless.RunGeneration,121: Starting code generation...
### DSGEN: 2022-11-29 11:53:26,931 INFO  c.o.w.generation.headless.RunGeneration,332: Generating code for project 'ft-modelbank-models' ...
### DSGEN: 2022-11-29 11:53:26,931 INFO  c.o.w.generation.GenerationCommon,162: About to run 3 new-style and 0 classic style code generators
### DSGEN: 2022-11-29 11:53:26,931 INFO  DSGeneratorTiming,223: Pre Loading and validation of Resources in Standalone Headless 

### DSGEN: 2022-11-29 11:53:26,931 INFO  DSGeneratorTiming,224: Started at: 2022.11.29 11:53:26
### DSGEN: 2022-11-29 11:53:26,931 INFO  c.o.w.generation.GenerationCommon,535: About to pre-load 964 models...
### DSGEN: 2022-11-29 11:53:27,864 WARN  o.e.e.e.v.ESONResourceValidationUtils,69: No custom ESONResourceValidationTester defined, so the default implementation will be used
### DSGEN: 2022-11-29 11:53:42,748 INFO  c.o.w.generation.GenerationCommon,553: About to index models...
### DSGEN: 2022-11-29 11:53:42,804 WARN  c.o.domain.resource.DomainDSLResource,315: Cyclic resolution of lazy links : MdfClass.baseClass->MdfClass.baseClass in resource 'platform:/resource/ft-modelbank-models/domain/localRefApplication/X_USER.domain'.
### DSGEN: 2022-11-29 11:53:42,804 WARN  c.o.domain.resource.DomainDSLResource,315: Cyclic resolution of lazy links : MdfClass.baseClass->MdfClass.baseClass in resource 'platform:/resource/ft-modelbank-models/domain/localRefApplication/X_USER.domain'.
### DSGEN: 2022-11-29 11:53:42,804 WARN  c.o.domain.resource.DomainDSLResource,315: Cyclic resolution of lazy links : MdfClass.baseClass->MdfClass.baseClass in resource 'platform:/resource/ft-modelbank-models/domain/localRefApplication/X_TZ_TRANSACTION_STOP_TYPE.domain'.
### DSGEN: 2022-11-29 11:53:42,804 WARN  c.o.domain.resource.DomainDSLResource,315: Cyclic resolution of lazy links : MdfClass.baseClass->MdfClass.baseClass in resource 'platform:/resource/ft-modelbank-models/domain/localRefApplication/X_TZ_TRANSACTION_STOP_TYPE.domain'.
### DSGEN: 2022-11-29 11:53:42,804 WARN  c.o.domain.resource.DomainDSLResource,315: Cyclic resolution of lazy links : MdfClass.baseClass->MdfClass.baseClass in resource 'platform:/resource/ft-modelbank-models/domain/localRefApplication/X_TZ_TRANSACTION_STOP_PARAMETER.domain'.
### DSGEN: 2022-11-29 11:53:42,804 WARN  c.o.domain.resource.DomainDSLResource,315: Cyclic resolution of lazy links : MdfClass.baseClass->MdfClass.baseClass in resource 'platform:/resource/ft-modelbank-models/domain/localRefApplication/X_TZ_TRANSACTION_STOP_PARAMETER.domain'.
### DSGEN: 2022-11-29 11:53:42,804 WARN  c.o.domain.resource.DomainDSLResource,315: Cyclic resolution of lazy links : MdfClass.baseClass->MdfClass.baseClass in resource 'platform:/resource/ft-modelbank-models/domain/localRefApplication/X_TZ_TRANSACTION_STOP_INSTRUCTION.domain'.
### DSGEN: 2022-11-29 11:53:42,804 WARN  c.o.domain.resource.DomainDSLResource,315: Cyclic resolution of lazy links : MdfClass.baseClass->MdfClass.baseClass in resource 'platform:/resource/ft-modelbank-models/domain/localRefApplication/X_TZ_TRANSACTION_STOP_INSTRUCTION.domain'.
### DSGEN: 2022-11-29 11:53:42,820 WARN  c.o.domain.resource.DomainDSLResource,315: Cyclic resolution of lazy links : MdfClass.baseClass->MdfClass.baseClass in resource 'platform:/resource/ft-modelbank-models/domain/localRefApplication/X_TRANS_DOCUMENT.domain'.
### DSGEN: 2022-11-29 11:53:42,820 WARN  c.o.domain.resource.DomainDSLResource,315: Cyclic resolution of lazy links : MdfClass.baseClass->MdfClass.baseClass in resource 'platform:/resource/ft-modelbank-models/domain/localRefApplication/X_TRANS_DOCUMENT.domain'.
### DSGEN: 2022-11-29 11:53:42,820 WARN  c.o.domain.resource.DomainDSLResource,315: Cyclic resolution of lazy links : MdfClass.baseClass->MdfClass.baseClass in resource 'platform:/resource/ft-modelbank-models/domain/localRefApplication/X_TELLER.domain'.
### DSGEN: 2022-11-29 11:53:42,820 WARN  c.o.domain.resource.DomainDSLResource,315: Cyclic resolution of lazy links : MdfClass.baseClass->MdfClass.baseClass in resource 'platform:/resource/ft-modelbank-models/domain/localRefApplication/X_TELLER.domain'.
### DSGEN: 2022-11-29 11:53:42,820 WARN  c.o.domain.resource.DomainDSLResource,315: Cyclic resolution of lazy links : MdfClass.baseClass->MdfClass.baseClass in resource 'platform:/resource/ft-modelbank-models/domain/localRefApplication/X_TAX.domain'.
### DSGEN: 2022-11-29 11:53:42,820 WARN  c.o.domain.resource.DomainDSLResource,315: Cyclic resolution of lazy links : MdfClass.baseClass->MdfClass.baseClass in resource 'platform:/resource/ft-modelbank-models/domain/localRefApplication/X_TAX.domain'.
### DSGEN: 2022-11-29 11:53:42,820 WARN  c.o.domain.resource.DomainDSLResource,315: Cyclic resolution of lazy links : MdfClass.baseClass->MdfClass.baseClass in resource 'platform:/resource/ft-modelbank-models/domain/localRefApplication/X_SY_TRANSACTION.domain'.
### DSGEN: 2022-11-29 11:53:42,820 WARN  c.o.domain.resource.DomainDSLResource,315: Cyclic resolution of lazy links : MdfClass.baseClass->MdfClass.baseClass in resource 'platform:/resource/ft-modelbank-models/domain/localRefApplication/X_SY_TRANSACTION.domain'.
### DSGEN: 2022-11-29 11:53:42,820 WARN  c.o.domain.resource.DomainDSLResource,315: Cyclic resolution of lazy links : MdfClass.baseClass->MdfClass.baseClass in resource 'platform:/resource/ft-modelbank-models/domain/localRefApplication/X_SY_FX_FORWARDS.domain'.
### DSGEN: 2022-11-29 11:53:42,820 WARN  c.o.domain.resource.DomainDSLResource,315: Cyclic resolution of lazy links : MdfClass.baseClass->MdfClass.baseClass in resource 'platform:/resource/ft-modelbank-models/domain/localRefApplication/X_SY_FX_FORWARDS.domain'.
### DSGEN: 2022-11-29 11:53:42,835 WARN  c.o.domain.resource.DomainDSLResource,315: Cyclic resolution of lazy links : MdfClass.baseClass->MdfClass.baseClass in resource 'platform:/resource/ft-modelbank-models/domain/localRefApplication/X_SY_DCI.domain'.
### DSGEN: 2022-11-29 11:53:42,835 WARN  c.o.domain.resource.DomainDSLResource,315: Cyclic resolution of lazy links : MdfClass.baseClass->MdfClass.baseClass in resource 'platform:/resource/ft-modelbank-models/domain/localRefApplication/X_SY_DCI.domain'.
### DSGEN: 2022-11-29 11:53:42,835 WARN  c.o.domain.resource.DomainDSLResource,315: Cyclic resolution of lazy links : MdfClass.baseClass->MdfClass.baseClass in resource 'platform:/resource/ft-modelbank-models/domain/localRefApplication/X_SY_ACCU_DECU.domain'.
### DSGEN: 2022-11-29 11:53:42,835 WARN  c.o.domain.resource.DomainDSLResource,315: Cyclic resolution of lazy links : MdfClass.baseClass->MdfClass.baseClass in resource 'platform:/resource/ft-modelbank-models/domain/localRefApplication/X_SY_ACCU_DECU.domain'.
### DSGEN: 2022-11-29 11:53:42,835 WARN  c.o.domain.resource.DomainDSLResource,315: Cyclic resolution of lazy links : MdfClass.baseClass->MdfClass.baseClass in resource 'platform:/resource/ft-modelbank-models/domain/localRefApplication/X_SWAP.domain'.
### DSGEN: 2022-11-29 11:53:42,835 WARN  c.o.domain.resource.DomainDSLResource,315: Cyclic resolution of lazy links : MdfClass.baseClass->MdfClass.baseClass in resource 'platform:/resource/ft-modelbank-models/domain/localRefApplication/X_SWAP.domain'.
### DSGEN: 2022-11-29 11:53:42,835 WARN  c.o.domain.resource.DomainDSLResource,315: Cyclic resolution of lazy links : MdfClass.baseClass->MdfClass.baseClass in resource 'platform:/resource/ft-modelbank-models/domain/localRefApplication/X_ST_PROXY_DIRECTORY.domain'.
### DSGEN: 2022-11-29 11:53:42,835 WARN  c.o.domain.resource.DomainDSLResource,315: Cyclic resolution of lazy links : MdfClass.baseClass->MdfClass.baseClass in resource 'platform:/resource/ft-modelbank-models/domain/localRefApplication/X_ST_PROXY_DIRECTORY.domain'.
### DSGEN: 2022-11-29 11:53:42,835 WARN  c.o.domain.resource.DomainDSLResource,315: Cyclic resolution of lazy links : MdfClass.baseClass->MdfClass.baseClass in resource 'platform:/resource/ft-modelbank-models/domain/localRefApplication/X_STOCK_EXCHANGE.domain'.
### DSGEN: 2022-11-29 11:53:42,835 WARN  c.o.domain.resource.DomainDSLResource,315: Cyclic resolution of lazy links : MdfClass.baseClass->MdfClass.baseClass in resource 'platform:/resource/ft-modelbank-models/domain/localRefApplication/X_STOCK_EXCHANGE.domain'.
### DSGEN: 2022-11-29 11:53:42,851 WARN  c.o.domain.resource.DomainDSLResource,315: Cyclic resolution of lazy links : MdfClass.baseClass->MdfClass.baseClass in resource 'platform:/resource/ft-modelbank-models/domain/localRefApplication/X_STMT_ENTRY_DETAIL.domain'.
### DSGEN: 2022-11-29 11:53:42,851 WARN  c.o.domain.resource.DomainDSLResource,315: Cyclic resolution of lazy links : MdfClass.baseClass->MdfClass.baseClass in resource 'platform:/resource/ft-modelbank-models/domain/localRefApplication/X_STMT_ENTRY_DETAIL.domain'.
### DSGEN: 2022-11-29 11:53:42,851 WARN  c.o.domain.resource.DomainDSLResource,315: Cyclic resolution of lazy links : MdfClass.baseClass->MdfClass.baseClass in resource 'platform:/resource/ft-modelbank-models/domain/localRefApplication/X_STMT_ENTRY.domain'.
### DSGEN: 2022-11-29 11:53:42,851 WARN  c.o.domain.resource.DomainDSLResource,315: Cyclic resolution of lazy links : MdfClass.baseClass->MdfClass.baseClass in resource 'platform:/resource/ft-modelbank-models/domain/localRefApplication/X_STMT_ENTRY.domain'.
### DSGEN: 2022-11-29 11:53:42,851 WARN  c.o.domain.resource.DomainDSLResource,315: Cyclic resolution of lazy links : MdfClass.baseClass->MdfClass.baseClass in resource 'platform:/resource/ft-modelbank-models/domain/localRefApplication/X_STANDING_ORDER.domain'.
### DSGEN: 2022-11-29 11:53:42,851 WARN  c.o.domain.resource.DomainDSLResource,315: Cyclic resolution of lazy links : MdfClass.baseClass->MdfClass.baseClass in resource 'platform:/resource/ft-modelbank-models/domain/localRefApplication/X_STANDING_ORDER.domain'.
### DSGEN: 2022-11-29 11:53:42,851 WARN  c.o.domain.resource.DomainDSLResource,315: Cyclic resolution of lazy links : MdfClass.baseClass->MdfClass.baseClass in resource 'platform:/resource/ft-modelbank-models/domain/localRefApplication/X_SL_BUY_SELL.domain'.
### DSGEN: 2022-11-29 11:53:42,851 WARN  c.o.domain.resource.DomainDSLResource,315: Cyclic resolution of lazy links : MdfClass.baseClass->MdfClass.baseClass in resource 'platform:/resource/ft-modelbank-models/domain/localRefApplication/X_SL_BUY_SELL.domain'.
### DSGEN: 2022-11-29 11:53:42,867 WARN  c.o.domain.resource.DomainDSLResource,315: Cyclic resolution of lazy links : MdfClass.baseClass->MdfClass.baseClass in resource 'platform:/resource/ft-modelbank-models/domain/localRefApplication/X_SEC_TRADE.domain'.
### DSGEN: 2022-11-29 11:53:42,867 WARN  c.o.domain.resource.DomainDSLResource,315: Cyclic resolution of lazy links : MdfClass.baseClass->MdfClass.baseClass in resource 'platform:/resource/ft-modelbank-models/domain/localRefApplication/X_SEC_TRADE.domain'.
### DSGEN: 2022-11-29 11:53:42,867 WARN  c.o.domain.resource.DomainDSLResource,315: Cyclic resolution of lazy links : MdfClass.baseClass->MdfClass.baseClass in resource 'platform:/resource/ft-modelbank-models/domain/localRefApplication/X_SEC_OPEN_ORDER.domain'.
### DSGEN: 2022-11-29 11:53:42,867 WARN  c.o.domain.resource.DomainDSLResource,315: Cyclic resolution of lazy links : MdfClass.baseClass->MdfClass.baseClass in resource 'platform:/resource/ft-modelbank-models/domain/localRefApplication/X_SEC_OPEN_ORDER.domain'.
### DSGEN: 2022-11-29 11:53:42,867 WARN  c.o.domain.resource.DomainDSLResource,315: Cyclic resolution of lazy links : MdfClass.baseClass->MdfClass.baseClass in resource 'platform:/resource/ft-modelbank-models/domain/localRefApplication/X_SEC_ACC_MASTER.domain'.
### DSGEN: 2022-11-29 11:53:42,867 WARN  c.o.domain.resource.DomainDSLResource,315: Cyclic resolution of lazy links : MdfClass.baseClass->MdfClass.baseClass in resource 'platform:/resource/ft-modelbank-models/domain/localRefApplication/X_SEC_ACC_MASTER.domain'.
### DSGEN: 2022-11-29 11:53:42,867 WARN  c.o.domain.resource.DomainDSLResource,315: Cyclic resolution of lazy links : MdfClass.baseClass->MdfClass.baseClass in resource 'platform:/resource/ft-modelbank-models/domain/localRefApplication/X_SECURITY_TRANSFER.domain'.
### DSGEN: 2022-11-29 11:53:42,867 WARN  c.o.domain.resource.DomainDSLResource,315: Cyclic resolution of lazy links : MdfClass.baseClass->MdfClass.baseClass in resource 'platform:/resource/ft-modelbank-models/domain/localRefApplication/X_SECURITY_TRANSFER.domain'.
### DSGEN: 2022-11-29 11:53:42,867 WARN  c.o.domain.resource.DomainDSLResource,315: Cyclic resolution of lazy links : MdfClass.baseClass->MdfClass.baseClass in resource 'platform:/resource/ft-modelbank-models/domain/localRefApplication/X_SECURITY_SUPP.domain'.
### DSGEN: 2022-11-29 11:53:42,867 WARN  c.o.domain.resource.DomainDSLResource,315: Cyclic resolution of lazy links : MdfClass.baseClass->MdfClass.baseClass in resource 'platform:/resource/ft-modelbank-models/domain/localRefApplication/X_SECURITY_SUPP.domain'.
### DSGEN: 2022-11-29 11:53:42,867 WARN  c.o.domain.resource.DomainDSLResource,315: Cyclic resolution of lazy links : MdfClass.baseClass->MdfClass.baseClass in resource 'platform:/resource/ft-modelbank-models/domain/localRefApplication/X_SECURITY_MASTER.domain'.
### DSGEN: 2022-11-29 11:53:42,883 WARN  c.o.domain.resource.DomainDSLResource,315: Cyclic resolution of lazy links : MdfClass.baseClass->MdfClass.baseClass in resource 'platform:/resource/ft-modelbank-models/domain/localRefApplication/X_SECURITY_MASTER.domain'.
### DSGEN: 2022-11-29 11:53:42,883 WARN  c.o.domain.resource.DomainDSLResource,315: Cyclic resolution of lazy links : MdfClass.baseClass->MdfClass.baseClass in resource 'platform:/resource/ft-modelbank-models/domain/localRefApplication/X_SC_EXE_SEC_ORDERS.domain'.
### DSGEN: 2022-11-29 11:53:42,883 WARN  c.o.domain.resource.DomainDSLResource,315: Cyclic resolution of lazy links : MdfClass.baseClass->MdfClass.baseClass in resource 'platform:/resource/ft-modelbank-models/domain/localRefApplication/X_SC_EXE_SEC_ORDERS.domain'.
### DSGEN: 2022-11-29 11:53:42,883 WARN  c.o.domain.resource.DomainDSLResource,315: Cyclic resolution of lazy links : MdfClass.baseClass->MdfClass.baseClass in resource 'platform:/resource/ft-modelbank-models/domain/localRefApplication/X_SC_BLOCK_SEC_POS.domain'.
### DSGEN: 2022-11-29 11:53:42,883 WARN  c.o.domain.resource.DomainDSLResource,315: Cyclic resolution of lazy links : MdfClass.baseClass->MdfClass.baseClass in resource 'platform:/resource/ft-modelbank-models/domain/localRefApplication/X_SC_BLOCK_SEC_POS.domain'.
### DSGEN: 2022-11-29 11:53:42,883 WARN  c.o.domain.resource.DomainDSLResource,315: Cyclic resolution of lazy links : MdfClass.baseClass->MdfClass.baseClass in resource 'platform:/resource/ft-modelbank-models/domain/localRefApplication/X_SA_SCORE_TXN.domain'.
### DSGEN: 2022-11-29 11:53:42,883 WARN  c.o.domain.resource.DomainDSLResource,315: Cyclic resolution of lazy links : MdfClass.baseClass->MdfClass.baseClass in resource 'platform:/resource/ft-modelbank-models/domain/localRefApplication/X_SA_SCORE_TXN.domain'.
### DSGEN: 2022-11-29 11:53:42,883 WARN  c.o.domain.resource.DomainDSLResource,315: Cyclic resolution of lazy links : MdfClass.baseClass->MdfClass.baseClass in resource 'platform:/resource/ft-modelbank-models/domain/localRefApplication/X_REPO.domain'.
### DSGEN: 2022-11-29 11:53:42,883 WARN  c.o.domain.resource.DomainDSLResource,315: Cyclic resolution of lazy links : MdfClass.baseClass->MdfClass.baseClass in resource 'platform:/resource/ft-modelbank-models/domain/localRefApplication/X_REPO.domain'.
### DSGEN: 2022-11-29 11:53:42,883 WARN  c.o.domain.resource.DomainDSLResource,315: Cyclic resolution of lazy links : MdfClass.baseClass->MdfClass.baseClass in resource 'platform:/resource/ft-modelbank-models/domain/localRefApplication/X_PV_LOAN_CLASSIFICATION.domain'.
### DSGEN: 2022-11-29 11:53:42,883 WARN  c.o.domain.resource.DomainDSLResource,315: Cyclic resolution of lazy links : MdfClass.baseClass->MdfClass.baseClass in resource 'platform:/resource/ft-modelbank-models/domain/localRefApplication/X_PV_LOAN_CLASSIFICATION.domain'.
### DSGEN: 2022-11-29 11:53:42,883 WARN  c.o.domain.resource.DomainDSLResource,315: Cyclic resolution of lazy links : MdfClass.baseClass->MdfClass.baseClass in resource 'platform:/resource/ft-modelbank-models/domain/localRefApplication/X_PV_CUSTOMER_DETAIL.domain'.
### DSGEN: 2022-11-29 11:53:42,883 WARN  c.o.domain.resource.DomainDSLResource,315: Cyclic resolution of lazy links : MdfClass.baseClass->MdfClass.baseClass in resource 'platform:/resource/ft-modelbank-models/domain/localRefApplication/X_PV_CUSTOMER_DETAIL.domain'.
### DSGEN: 2022-11-29 11:53:42,899 WARN  c.o.domain.resource.DomainDSLResource,315: Cyclic resolution of lazy links : MdfClass.baseClass->MdfClass.baseClass in resource 'platform:/resource/ft-modelbank-models/domain/localRefApplication/X_PP_ORDER_ENTRY.domain'.
### DSGEN: 2022-11-29 11:53:42,899 WARN  c.o.domain.resource.DomainDSLResource,315: Cyclic resolution of lazy links : MdfClass.baseClass->MdfClass.baseClass in resource 'platform:/resource/ft-modelbank-models/domain/localRefApplication/X_PP_ORDER_ENTRY.domain'.
### DSGEN: 2022-11-29 11:53:42,899 WARN  c.o.domain.resource.DomainDSLResource,315: Cyclic resolution of lazy links : MdfClass.baseClass->MdfClass.baseClass in resource 'platform:/resource/ft-modelbank-models/domain/localRefApplication/X_PP_CLEARING.domain'.
### DSGEN: 2022-11-29 11:53:42,899 WARN  c.o.domain.resource.DomainDSLResource,315: Cyclic resolution of lazy links : MdfClass.baseClass->MdfClass.baseClass in resource 'platform:/resource/ft-modelbank-models/domain/localRefApplication/X_PP_CLEARING.domain'.
### DSGEN: 2022-11-29 11:53:42,899 WARN  c.o.domain.resource.DomainDSLResource,315: Cyclic resolution of lazy links : MdfClass.baseClass->MdfClass.baseClass in resource 'platform:/resource/ft-modelbank-models/domain/localRefApplication/X_POSITION_TRANSFER.domain'.
### DSGEN: 2022-11-29 11:53:42,899 WARN  c.o.domain.resource.DomainDSLResource,315: Cyclic resolution of lazy links : MdfClass.baseClass->MdfClass.baseClass in resource 'platform:/resource/ft-modelbank-models/domain/localRefApplication/X_POSITION_TRANSFER.domain'.
### DSGEN: 2022-11-29 11:53:42,899 WARN  c.o.domain.resource.DomainDSLResource,315: Cyclic resolution of lazy links : MdfClass.baseClass->MdfClass.baseClass in resource 'platform:/resource/ft-modelbank-models/domain/localRefApplication/X_PERSON_ENTITY.domain'.
### DSGEN: 2022-11-29 11:53:42,899 WARN  c.o.domain.resource.DomainDSLResource,315: Cyclic resolution of lazy links : MdfClass.baseClass->MdfClass.baseClass in resource 'platform:/resource/ft-modelbank-models/domain/localRefApplication/X_PERSON_ENTITY.domain'.
### DSGEN: 2022-11-29 11:53:42,899 WARN  c.o.domain.resource.DomainDSLResource,315: Cyclic resolution of lazy links : MdfClass.baseClass->MdfClass.baseClass in resource 'platform:/resource/ft-modelbank-models/domain/localRefApplication/X_PAYMENT_ORDER_PRODUCT.domain'.
### DSGEN: 2022-11-29 11:53:42,899 WARN  c.o.domain.resource.DomainDSLResource,315: Cyclic resolution of lazy links : MdfClass.baseClass->MdfClass.baseClass in resource 'platform:/resource/ft-modelbank-models/domain/localRefApplication/X_PAYMENT_ORDER_PRODUCT.domain'.
### DSGEN: 2022-11-29 11:53:42,899 WARN  c.o.domain.resource.DomainDSLResource,315: Cyclic resolution of lazy links : MdfClass.baseClass->MdfClass.baseClass in resource 'platform:/resource/ft-modelbank-models/domain/localRefApplication/X_PAYMENT_ORDER.domain'.
### DSGEN: 2022-11-29 11:53:42,899 WARN  c.o.domain.resource.DomainDSLResource,315: Cyclic resolution of lazy links : MdfClass.baseClass->MdfClass.baseClass in resource 'platform:/resource/ft-modelbank-models/domain/localRefApplication/X_PAYMENT_ORDER.domain'.
### DSGEN: 2022-11-29 11:53:42,899 WARN  c.o.domain.resource.DomainDSLResource,315: Cyclic resolution of lazy links : MdfClass.baseClass->MdfClass.baseClass in resource 'platform:/resource/ft-modelbank-models/domain/localRefApplication/X_OC_CUSTOMER.domain'.
### DSGEN: 2022-11-29 11:53:42,899 WARN  c.o.domain.resource.DomainDSLResource,315: Cyclic resolution of lazy links : MdfClass.baseClass->MdfClass.baseClass in resource 'platform:/resource/ft-modelbank-models/domain/localRefApplication/X_OC_CUSTOMER.domain'.
### DSGEN: 2022-11-29 11:53:42,914 WARN  c.o.domain.resource.DomainDSLResource,315: Cyclic resolution of lazy links : MdfClass.baseClass->MdfClass.baseClass in resource 'platform:/resource/ft-modelbank-models/domain/localRefApplication/X_NSF_PARAMETER.domain'.
### DSGEN: 2022-11-29 11:53:42,914 WARN  c.o.domain.resource.DomainDSLResource,315: Cyclic resolution of lazy links : MdfClass.baseClass->MdfClass.baseClass in resource 'platform:/resource/ft-modelbank-models/domain/localRefApplication/X_NSF_PARAMETER.domain'.
### DSGEN: 2022-11-29 11:53:42,914 WARN  c.o.domain.resource.DomainDSLResource,315: Cyclic resolution of lazy links : MdfClass.baseClass->MdfClass.baseClass in resource 'platform:/resource/ft-modelbank-models/domain/localRefApplication/X_ND_DEAL.domain'.
### DSGEN: 2022-11-29 11:53:42,914 WARN  c.o.domain.resource.DomainDSLResource,315: Cyclic resolution of lazy links : MdfClass.baseClass->MdfClass.baseClass in resource 'platform:/resource/ft-modelbank-models/domain/localRefApplication/X_ND_DEAL.domain'.
### DSGEN: 2022-11-29 11:53:42,914 WARN  c.o.domain.resource.DomainDSLResource,315: Cyclic resolution of lazy links : MdfClass.baseClass->MdfClass.baseClass in resource 'platform:/resource/ft-modelbank-models/domain/localRefApplication/X_MM_MONEY_MARKET.domain'.
### DSGEN: 2022-11-29 11:53:42,914 WARN  c.o.domain.resource.DomainDSLResource,315: Cyclic resolution of lazy links : MdfClass.baseClass->MdfClass.baseClass in resource 'platform:/resource/ft-modelbank-models/domain/localRefApplication/X_MM_MONEY_MARKET.domain'.
### DSGEN: 2022-11-29 11:53:42,914 WARN  c.o.domain.resource.DomainDSLResource,315: Cyclic resolution of lazy links : MdfClass.baseClass->MdfClass.baseClass in resource 'platform:/resource/ft-modelbank-models/domain/localRefApplication/X_MD_DEAL.domain'.
### DSGEN: 2022-11-29 11:53:42,914 WARN  c.o.domain.resource.DomainDSLResource,315: Cyclic resolution of lazy links : MdfClass.baseClass->MdfClass.baseClass in resource 'platform:/resource/ft-modelbank-models/domain/localRefApplication/X_MD_DEAL.domain'.
### DSGEN: 2022-11-29 11:53:42,914 WARN  c.o.domain.resource.DomainDSLResource,315: Cyclic resolution of lazy links : MdfClass.baseClass->MdfClass.baseClass in resource 'platform:/resource/ft-modelbank-models/domain/localRefApplication/X_LIMIT_REFERENCE.domain'.
### DSGEN: 2022-11-29 11:53:42,914 WARN  c.o.domain.resource.DomainDSLResource,315: Cyclic resolution of lazy links : MdfClass.baseClass->MdfClass.baseClass in resource 'platform:/resource/ft-modelbank-models/domain/localRefApplication/X_LIMIT_REFERENCE.domain'.
### DSGEN: 2022-11-29 11:53:42,914 WARN  c.o.domain.resource.DomainDSLResource,315: Cyclic resolution of lazy links : MdfClass.baseClass->MdfClass.baseClass in resource 'platform:/resource/ft-modelbank-models/domain/localRefApplication/X_LIMIT.domain'.
### DSGEN: 2022-11-29 11:53:42,914 WARN  c.o.domain.resource.DomainDSLResource,315: Cyclic resolution of lazy links : MdfClass.baseClass->MdfClass.baseClass in resource 'platform:/resource/ft-modelbank-models/domain/localRefApplication/X_LIMIT.domain'.
### DSGEN: 2022-11-29 11:53:42,914 WARN  c.o.domain.resource.DomainDSLResource,315: Cyclic resolution of lazy links : MdfClass.baseClass->MdfClass.baseClass in resource 'platform:/resource/ft-modelbank-models/domain/localRefApplication/X_LETTER_OF_CREDIT.domain'.
### DSGEN: 2022-11-29 11:53:42,914 WARN  c.o.domain.resource.DomainDSLResource,315: Cyclic resolution of lazy links : MdfClass.baseClass->MdfClass.baseClass in resource 'platform:/resource/ft-modelbank-models/domain/localRefApplication/X_LETTER_OF_CREDIT.domain'.
### DSGEN: 2022-11-29 11:53:42,914 WARN  c.o.domain.resource.DomainDSLResource,315: Cyclic resolution of lazy links : MdfClass.baseClass->MdfClass.baseClass in resource 'platform:/resource/ft-modelbank-models/domain/localRefApplication/X_LD_LOANS_AND_DEPOSITS.domain'.
### DSGEN: 2022-11-29 11:53:42,914 WARN  c.o.domain.resource.DomainDSLResource,315: Cyclic resolution of lazy links : MdfClass.baseClass->MdfClass.baseClass in resource 'platform:/resource/ft-modelbank-models/domain/localRefApplication/X_LD_LOANS_AND_DEPOSITS.domain'.
### DSGEN: 2022-11-29 11:53:42,930 WARN  c.o.domain.resource.DomainDSLResource,315: Cyclic resolution of lazy links : MdfClass.baseClass->MdfClass.baseClass in resource 'platform:/resource/ft-modelbank-models/domain/localRefApplication/X_LC_AMENDMENTS.domain'.
### DSGEN: 2022-11-29 11:53:42,930 WARN  c.o.domain.resource.DomainDSLResource,315: Cyclic resolution of lazy links : MdfClass.baseClass->MdfClass.baseClass in resource 'platform:/resource/ft-modelbank-models/domain/localRefApplication/X_LC_AMENDMENTS.domain'.
### DSGEN: 2022-11-29 11:53:42,930 WARN  c.o.domain.resource.DomainDSLResource,315: Cyclic resolution of lazy links : MdfClass.baseClass->MdfClass.baseClass in resource 'platform:/resource/ft-modelbank-models/domain/localRefApplication/X_INDUSTRY.domain'.
### DSGEN: 2022-11-29 11:53:42,930 WARN  c.o.domain.resource.DomainDSLResource,315: Cyclic resolution of lazy links : MdfClass.baseClass->MdfClass.baseClass in resource 'platform:/resource/ft-modelbank-models/domain/localRefApplication/X_INDUSTRY.domain'.
### DSGEN: 2022-11-29 11:53:42,930 WARN  c.o.domain.resource.DomainDSLResource,315: Cyclic resolution of lazy links : MdfClass.baseClass->MdfClass.baseClass in resource 'platform:/resource/ft-modelbank-models/domain/localRefApplication/X_IM_DOCUMENT_IMAGE.domain'.
### DSGEN: 2022-11-29 11:53:42,930 WARN  c.o.domain.resource.DomainDSLResource,315: Cyclic resolution of lazy links : MdfClass.baseClass->MdfClass.baseClass in resource 'platform:/resource/ft-modelbank-models/domain/localRefApplication/X_IM_DOCUMENT_IMAGE.domain'.
### DSGEN: 2022-11-29 11:53:42,930 WARN  c.o.domain.resource.DomainDSLResource,315: Cyclic resolution of lazy links : MdfClass.baseClass->MdfClass.baseClass in resource 'platform:/resource/ft-modelbank-models/domain/localRefApplication/X_FX_LIM_ORDER.domain'.
### DSGEN: 2022-11-29 11:53:42,930 WARN  c.o.domain.resource.DomainDSLResource,315: Cyclic resolution of lazy links : MdfClass.baseClass->MdfClass.baseClass in resource 'platform:/resource/ft-modelbank-models/domain/localRefApplication/X_FX_LIM_ORDER.domain'.
### DSGEN: 2022-11-29 11:53:42,930 WARN  c.o.domain.resource.DomainDSLResource,315: Cyclic resolution of lazy links : MdfClass.baseClass->MdfClass.baseClass in resource 'platform:/resource/ft-modelbank-models/domain/localRefApplication/X_FUNDS_TRANSFER.domain'.
### DSGEN: 2022-11-29 11:53:42,930 WARN  c.o.domain.resource.DomainDSLResource,315: Cyclic resolution of lazy links : MdfClass.baseClass->MdfClass.baseClass in resource 'platform:/resource/ft-modelbank-models/domain/localRefApplication/X_FUNDS_TRANSFER.domain'.
### DSGEN: 2022-11-29 11:53:42,930 WARN  c.o.domain.resource.DomainDSLResource,315: Cyclic resolution of lazy links : MdfClass.baseClass->MdfClass.baseClass in resource 'platform:/resource/ft-modelbank-models/domain/localRefApplication/X_FRA_DEAL.domain'.
### DSGEN: 2022-11-29 11:53:42,930 WARN  c.o.domain.resource.DomainDSLResource,315: Cyclic resolution of lazy links : MdfClass.baseClass->MdfClass.baseClass in resource 'platform:/resource/ft-modelbank-models/domain/localRefApplication/X_FRA_DEAL.domain'.
### DSGEN: 2022-11-29 11:53:42,930 WARN  c.o.domain.resource.DomainDSLResource,315: Cyclic resolution of lazy links : MdfClass.baseClass->MdfClass.baseClass in resource 'platform:/resource/ft-modelbank-models/domain/localRefApplication/X_FOREX.domain'.
### DSGEN: 2022-11-29 11:53:42,946 WARN  c.o.domain.resource.DomainDSLResource,315: Cyclic resolution of lazy links : MdfClass.baseClass->MdfClass.baseClass in resource 'platform:/resource/ft-modelbank-models/domain/localRefApplication/X_FOREX.domain'.
### DSGEN: 2022-11-29 11:53:42,946 WARN  c.o.domain.resource.DomainDSLResource,315: Cyclic resolution of lazy links : MdfClass.baseClass->MdfClass.baseClass in resource 'platform:/resource/ft-modelbank-models/domain/localRefApplication/X_FD_FID_ORDER.domain'.
### DSGEN: 2022-11-29 11:53:42,946 WARN  c.o.domain.resource.DomainDSLResource,315: Cyclic resolution of lazy links : MdfClass.baseClass->MdfClass.baseClass in resource 'platform:/resource/ft-modelbank-models/domain/localRefApplication/X_FD_FID_ORDER.domain'.
### DSGEN: 2022-11-29 11:53:42,946 WARN  c.o.domain.resource.DomainDSLResource,315: Cyclic resolution of lazy links : MdfClass.baseClass->MdfClass.baseClass in resource 'platform:/resource/ft-modelbank-models/domain/localRefApplication/X_ENTITLEMENT.domain'.
### DSGEN: 2022-11-29 11:53:42,946 WARN  c.o.domain.resource.DomainDSLResource,315: Cyclic resolution of lazy links : MdfClass.baseClass->MdfClass.baseClass in resource 'platform:/resource/ft-modelbank-models/domain/localRefApplication/X_ENTITLEMENT.domain'.
### DSGEN: 2022-11-29 11:53:42,946 WARN  c.o.domain.resource.DomainDSLResource,315: Cyclic resolution of lazy links : MdfClass.baseClass->MdfClass.baseClass in resource 'platform:/resource/ft-modelbank-models/domain/localRefApplication/X_EB_TICKLER.domain'.
### DSGEN: 2022-11-29 11:53:42,946 WARN  c.o.domain.resource.DomainDSLResource,315: Cyclic resolution of lazy links : MdfClass.baseClass->MdfClass.baseClass in resource 'platform:/resource/ft-modelbank-models/domain/localRefApplication/X_EB_TICKLER.domain'.
### DSGEN: 2022-11-29 11:53:42,946 WARN  c.o.domain.resource.DomainDSLResource,315: Cyclic resolution of lazy links : MdfClass.baseClass->MdfClass.baseClass in resource 'platform:/resource/ft-modelbank-models/domain/localRefApplication/X_EB_SECURE_MESSAGE.domain'.
### DSGEN: 2022-11-29 11:53:42,946 WARN  c.o.domain.resource.DomainDSLResource,315: Cyclic resolution of lazy links : MdfClass.baseClass->MdfClass.baseClass in resource 'platform:/resource/ft-modelbank-models/domain/localRefApplication/X_EB_SECURE_MESSAGE.domain'.
### DSGEN: 2022-11-29 11:53:42,946 WARN  c.o.domain.resource.DomainDSLResource,315: Cyclic resolution of lazy links : MdfClass.baseClass->MdfClass.baseClass in resource 'platform:/resource/ft-modelbank-models/domain/localRefApplication/X_EB_QUERIES_ANSWERS.domain'.
### DSGEN: 2022-11-29 11:53:42,946 WARN  c.o.domain.resource.DomainDSLResource,315: Cyclic resolution of lazy links : MdfClass.baseClass->MdfClass.baseClass in resource 'platform:/resource/ft-modelbank-models/domain/localRefApplication/X_EB_QUERIES_ANSWERS.domain'.
### DSGEN: 2022-11-29 11:53:42,946 WARN  c.o.domain.resource.DomainDSLResource,315: Cyclic resolution of lazy links : MdfClass.baseClass->MdfClass.baseClass in resource 'platform:/resource/ft-modelbank-models/domain/localRefApplication/X_EB_EXTERNAL_USER.domain'.
### DSGEN: 2022-11-29 11:53:42,946 WARN  c.o.domain.resource.DomainDSLResource,315: Cyclic resolution of lazy links : MdfClass.baseClass->MdfClass.baseClass in resource 'platform:/resource/ft-modelbank-models/domain/localRefApplication/X_EB_EXTERNAL_USER.domain'.
### DSGEN: 2022-11-29 11:53:42,946 WARN  c.o.domain.resource.DomainDSLResource,315: Cyclic resolution of lazy links : MdfClass.baseClass->MdfClass.baseClass in resource 'platform:/resource/ft-modelbank-models/domain/localRefApplication/X_DX_TRADE.domain'.
### DSGEN: 2022-11-29 11:53:42,946 WARN  c.o.domain.resource.DomainDSLResource,315: Cyclic resolution of lazy links : MdfClass.baseClass->MdfClass.baseClass in resource 'platform:/resource/ft-modelbank-models/domain/localRefApplication/X_DX_TRADE.domain'.
### DSGEN: 2022-11-29 11:53:42,962 WARN  c.o.domain.resource.DomainDSLResource,315: Cyclic resolution of lazy links : MdfClass.baseClass->MdfClass.baseClass in resource 'platform:/resource/ft-modelbank-models/domain/localRefApplication/X_DX_ORDER.domain'.
### DSGEN: 2022-11-29 11:53:42,962 WARN  c.o.domain.resource.DomainDSLResource,315: Cyclic resolution of lazy links : MdfClass.baseClass->MdfClass.baseClass in resource 'platform:/resource/ft-modelbank-models/domain/localRefApplication/X_DX_ORDER.domain'.
### DSGEN: 2022-11-29 11:53:42,962 WARN  c.o.domain.resource.DomainDSLResource,315: Cyclic resolution of lazy links : MdfClass.baseClass->MdfClass.baseClass in resource 'platform:/resource/ft-modelbank-models/domain/localRefApplication/X_DX_CO_EXPIRE_MANUAL.domain'.
### DSGEN: 2022-11-29 11:53:42,962 WARN  c.o.domain.resource.DomainDSLResource,315: Cyclic resolution of lazy links : MdfClass.baseClass->MdfClass.baseClass in resource 'platform:/resource/ft-modelbank-models/domain/localRefApplication/X_DX_CO_EXPIRE_MANUAL.domain'.
### DSGEN: 2022-11-29 11:53:42,962 WARN  c.o.domain.resource.DomainDSLResource,315: Cyclic resolution of lazy links : MdfClass.baseClass->MdfClass.baseClass in resource 'platform:/resource/ft-modelbank-models/domain/localRefApplication/X_DX_CO_EXERCISE_MANUAL.domain'.
### DSGEN: 2022-11-29 11:53:42,962 WARN  c.o.domain.resource.DomainDSLResource,315: Cyclic resolution of lazy links : MdfClass.baseClass->MdfClass.baseClass in resource 'platform:/resource/ft-modelbank-models/domain/localRefApplication/X_DX_CO_EXERCISE_MANUAL.domain'.
### DSGEN: 2022-11-29 11:53:42,962 WARN  c.o.domain.resource.DomainDSLResource,315: Cyclic resolution of lazy links : MdfClass.baseClass->MdfClass.baseClass in resource 'platform:/resource/ft-modelbank-models/domain/localRefApplication/X_DX_CO_ASSIGN_MANUAL.domain'.
### DSGEN: 2022-11-29 11:53:42,962 WARN  c.o.domain.resource.DomainDSLResource,315: Cyclic resolution of lazy links : MdfClass.baseClass->MdfClass.baseClass in resource 'platform:/resource/ft-modelbank-models/domain/localRefApplication/X_DX_CO_ASSIGN_MANUAL.domain'.
### DSGEN: 2022-11-29 11:53:42,962 WARN  c.o.domain.resource.DomainDSLResource,315: Cyclic resolution of lazy links : MdfClass.baseClass->MdfClass.baseClass in resource 'platform:/resource/ft-modelbank-models/domain/localRefApplication/X_DX_CONTRACT_MASTER.domain'.
### DSGEN: 2022-11-29 11:53:42,962 WARN  c.o.domain.resource.DomainDSLResource,315: Cyclic resolution of lazy links : MdfClass.baseClass->MdfClass.baseClass in resource 'platform:/resource/ft-modelbank-models/domain/localRefApplication/X_DX_CONTRACT_MASTER.domain'.
### DSGEN: 2022-11-29 11:53:42,962 WARN  c.o.domain.resource.DomainDSLResource,315: Cyclic resolution of lazy links : MdfClass.baseClass->MdfClass.baseClass in resource 'platform:/resource/ft-modelbank-models/domain/localRefApplication/X_DX_CONTRACT_CLASS.domain'.
### DSGEN: 2022-11-29 11:53:42,962 WARN  c.o.domain.resource.DomainDSLResource,315: Cyclic resolution of lazy links : MdfClass.baseClass->MdfClass.baseClass in resource 'platform:/resource/ft-modelbank-models/domain/localRefApplication/X_DX_CONTRACT_CLASS.domain'.
### DSGEN: 2022-11-29 11:53:42,962 WARN  c.o.domain.resource.DomainDSLResource,315: Cyclic resolution of lazy links : MdfClass.baseClass->MdfClass.baseClass in resource 'platform:/resource/ft-modelbank-models/domain/localRefApplication/X_DRAWINGS.domain'.
### DSGEN: 2022-11-29 11:53:42,962 WARN  c.o.domain.resource.DomainDSLResource,315: Cyclic resolution of lazy links : MdfClass.baseClass->MdfClass.baseClass in resource 'platform:/resource/ft-modelbank-models/domain/localRefApplication/X_DRAWINGS.domain'.
### DSGEN: 2022-11-29 11:53:42,978 WARN  c.o.domain.resource.DomainDSLResource,315: Cyclic resolution of lazy links : MdfClass.baseClass->MdfClass.baseClass in resource 'platform:/resource/ft-modelbank-models/domain/localRefApplication/X_DE_PRODUCT.domain'.
### DSGEN: 2022-11-29 11:53:42,978 WARN  c.o.domain.resource.DomainDSLResource,315: Cyclic resolution of lazy links : MdfClass.baseClass->MdfClass.baseClass in resource 'platform:/resource/ft-modelbank-models/domain/localRefApplication/X_DE_PRODUCT.domain'.
### DSGEN: 2022-11-29 11:53:42,978 WARN  c.o.domain.resource.DomainDSLResource,315: Cyclic resolution of lazy links : MdfClass.baseClass->MdfClass.baseClass in resource 'platform:/resource/ft-modelbank-models/domain/localRefApplication/X_DE_CUSTOMER_PREFERENCES.domain'.
### DSGEN: 2022-11-29 11:53:42,981 WARN  c.o.domain.resource.DomainDSLResource,315: Cyclic resolution of lazy links : MdfClass.baseClass->MdfClass.baseClass in resource 'platform:/resource/ft-modelbank-models/domain/localRefApplication/X_DE_CUSTOMER_PREFERENCES.domain'.
### DSGEN: 2022-11-29 11:53:42,981 WARN  c.o.domain.resource.DomainDSLResource,315: Cyclic resolution of lazy links : MdfClass.baseClass->MdfClass.baseClass in resource 'platform:/resource/ft-modelbank-models/domain/localRefApplication/X_DE_ADDRESS.domain'.
### DSGEN: 2022-11-29 11:53:42,981 WARN  c.o.domain.resource.DomainDSLResource,315: Cyclic resolution of lazy links : MdfClass.baseClass->MdfClass.baseClass in resource 'platform:/resource/ft-modelbank-models/domain/localRefApplication/X_DE_ADDRESS.domain'.
### DSGEN: 2022-11-29 11:53:42,981 WARN  c.o.domain.resource.DomainDSLResource,315: Cyclic resolution of lazy links : MdfClass.baseClass->MdfClass.baseClass in resource 'platform:/resource/ft-modelbank-models/domain/localRefApplication/X_DD_PARAMETER.domain'.
### DSGEN: 2022-11-29 11:53:42,981 WARN  c.o.domain.resource.DomainDSLResource,315: Cyclic resolution of lazy links : MdfClass.baseClass->MdfClass.baseClass in resource 'platform:/resource/ft-modelbank-models/domain/localRefApplication/X_DD_PARAMETER.domain'.
### DSGEN: 2022-11-29 11:53:42,981 WARN  c.o.domain.resource.DomainDSLResource,315: Cyclic resolution of lazy links : MdfClass.baseClass->MdfClass.baseClass in resource 'platform:/resource/ft-modelbank-models/domain/localRefApplication/X_DD_DDI.domain'.
### DSGEN: 2022-11-29 11:53:42,981 WARN  c.o.domain.resource.DomainDSLResource,315: Cyclic resolution of lazy links : MdfClass.baseClass->MdfClass.baseClass in resource 'platform:/resource/ft-modelbank-models/domain/localRefApplication/X_DD_DDI.domain'.
### DSGEN: 2022-11-29 11:53:42,981 WARN  c.o.domain.resource.DomainDSLResource,315: Cyclic resolution of lazy links : MdfClass.baseClass->MdfClass.baseClass in resource 'platform:/resource/ft-modelbank-models/domain/localRefApplication/X_DATA_CAPTURE.domain'.
### DSGEN: 2022-11-29 11:53:42,981 WARN  c.o.domain.resource.DomainDSLResource,315: Cyclic resolution of lazy links : MdfClass.baseClass->MdfClass.baseClass in resource 'platform:/resource/ft-modelbank-models/domain/localRefApplication/X_DATA_CAPTURE.domain'.
### DSGEN: 2022-11-29 11:53:42,981 WARN  c.o.domain.resource.DomainDSLResource,315: Cyclic resolution of lazy links : MdfClass.baseClass->MdfClass.baseClass in resource 'platform:/resource/ft-modelbank-models/domain/localRefApplication/X_CUST_DOCUMENT.domain'.
### DSGEN: 2022-11-29 11:53:42,981 WARN  c.o.domain.resource.DomainDSLResource,315: Cyclic resolution of lazy links : MdfClass.baseClass->MdfClass.baseClass in resource 'platform:/resource/ft-modelbank-models/domain/localRefApplication/X_CUST_DOCUMENT.domain'.
### DSGEN: 2022-11-29 11:53:42,995 WARN  c.o.domain.resource.DomainDSLResource,315: Cyclic resolution of lazy links : MdfClass.baseClass->MdfClass.baseClass in resource 'platform:/resource/ft-modelbank-models/domain/localRefApplication/X_CUSTOMER_RELATIONSHIP.domain'.
### DSGEN: 2022-11-29 11:53:42,995 WARN  c.o.domain.resource.DomainDSLResource,315: Cyclic resolution of lazy links : MdfClass.baseClass->MdfClass.baseClass in resource 'platform:/resource/ft-modelbank-models/domain/localRefApplication/X_CUSTOMER_RELATIONSHIP.domain'.
### DSGEN: 2022-11-29 11:53:42,995 WARN  c.o.domain.resource.DomainDSLResource,315: Cyclic resolution of lazy links : MdfClass.baseClass->MdfClass.baseClass in resource 'platform:/resource/ft-modelbank-models/domain/localRefApplication/X_CUSTOMER.domain'.
### DSGEN: 2022-11-29 11:53:42,995 WARN  c.o.domain.resource.DomainDSLResource,315: Cyclic resolution of lazy links : MdfClass.baseClass->MdfClass.baseClass in resource 'platform:/resource/ft-modelbank-models/domain/localRefApplication/X_CUSTOMER.domain'.
### DSGEN: 2022-11-29 11:53:42,995 WARN  c.o.domain.resource.DomainDSLResource,315: Cyclic resolution of lazy links : MdfClass.baseClass->MdfClass.baseClass in resource 'platform:/resource/ft-modelbank-models/domain/localRefApplication/X_CURRENCY.domain'.
### DSGEN: 2022-11-29 11:53:42,995 WARN  c.o.domain.resource.DomainDSLResource,315: Cyclic resolution of lazy links : MdfClass.baseClass->MdfClass.baseClass in resource 'platform:/resource/ft-modelbank-models/domain/localRefApplication/X_CURRENCY.domain'.
### DSGEN: 2022-11-29 11:53:42,995 WARN  c.o.domain.resource.DomainDSLResource,315: Cyclic resolution of lazy links : MdfClass.baseClass->MdfClass.baseClass in resource 'platform:/resource/ft-modelbank-models/domain/localRefApplication/X_CR_OTHER_PRODUCTS.domain'.
### DSGEN: 2022-11-29 11:53:42,995 WARN  c.o.domain.resource.DomainDSLResource,315: Cyclic resolution of lazy links : MdfClass.baseClass->MdfClass.baseClass in resource 'platform:/resource/ft-modelbank-models/domain/localRefApplication/X_CR_OTHER_PRODUCTS.domain'.
### DSGEN: 2022-11-29 11:53:43,011 WARN  c.o.domain.resource.DomainDSLResource,315: Cyclic resolution of lazy links : MdfClass.baseClass->MdfClass.baseClass in resource 'platform:/resource/ft-modelbank-models/domain/localRefApplication/X_CR_CONTACT_LOG.domain'.
### DSGEN: 2022-11-29 11:53:43,011 WARN  c.o.domain.resource.DomainDSLResource,315: Cyclic resolution of lazy links : MdfClass.baseClass->MdfClass.baseClass in resource 'platform:/resource/ft-modelbank-models/domain/localRefApplication/X_CR_CONTACT_LOG.domain'.
### DSGEN: 2022-11-29 11:53:43,011 WARN  c.o.domain.resource.DomainDSLResource,315: Cyclic resolution of lazy links : MdfClass.baseClass->MdfClass.baseClass in resource 'platform:/resource/ft-modelbank-models/domain/localRefApplication/X_COUNTRY.domain'.
### DSGEN: 2022-11-29 11:53:43,011 WARN  c.o.domain.resource.DomainDSLResource,315: Cyclic resolution of lazy links : MdfClass.baseClass->MdfClass.baseClass in resource 'platform:/resource/ft-modelbank-models/domain/localRefApplication/X_COUNTRY.domain'.
### DSGEN: 2022-11-29 11:53:43,011 WARN  c.o.domain.resource.DomainDSLResource,315: Cyclic resolution of lazy links : MdfClass.baseClass->MdfClass.baseClass in resource 'platform:/resource/ft-modelbank-models/domain/localRefApplication/X_COMPANY.domain'.
### DSGEN: 2022-11-29 11:53:43,011 WARN  c.o.domain.resource.DomainDSLResource,315: Cyclic resolution of lazy links : MdfClass.baseClass->MdfClass.baseClass in resource 'platform:/resource/ft-modelbank-models/domain/localRefApplication/X_COMPANY.domain'.
### DSGEN: 2022-11-29 11:53:43,011 WARN  c.o.domain.resource.DomainDSLResource,315: Cyclic resolution of lazy links : MdfClass.baseClass->MdfClass.baseClass in resource 'platform:/resource/ft-modelbank-models/domain/localRefApplication/X_COLLATERAL.domain'.
### DSGEN: 2022-11-29 11:53:43,011 WARN  c.o.domain.resource.DomainDSLResource,315: Cyclic resolution of lazy links : MdfClass.baseClass->MdfClass.baseClass in resource 'platform:/resource/ft-modelbank-models/domain/localRefApplication/X_COLLATERAL.domain'.
### DSGEN: 2022-11-29 11:53:43,027 WARN  c.o.domain.resource.DomainDSLResource,315: Cyclic resolution of lazy links : MdfClass.baseClass->MdfClass.baseClass in resource 'platform:/resource/ft-modelbank-models/domain/localRefApplication/X_CL_COLLECTION_ITEM.domain'.
### DSGEN: 2022-11-29 11:53:43,027 WARN  c.o.domain.resource.DomainDSLResource,315: Cyclic resolution of lazy links : MdfClass.baseClass->MdfClass.baseClass in resource 'platform:/resource/ft-modelbank-models/domain/localRefApplication/X_CL_COLLECTION_ITEM.domain'.
### DSGEN: 2022-11-29 11:53:43,027 WARN  c.o.domain.resource.DomainDSLResource,315: Cyclic resolution of lazy links : MdfClass.baseClass->MdfClass.baseClass in resource 'platform:/resource/ft-modelbank-models/domain/localRefApplication/X_CHEQUE_ISSUE.domain'.
### DSGEN: 2022-11-29 11:53:43,027 WARN  c.o.domain.resource.DomainDSLResource,315: Cyclic resolution of lazy links : MdfClass.baseClass->MdfClass.baseClass in resource 'platform:/resource/ft-modelbank-models/domain/localRefApplication/X_CHEQUE_ISSUE.domain'.
### DSGEN: 2022-11-29 11:53:43,027 WARN  c.o.domain.resource.DomainDSLResource,315: Cyclic resolution of lazy links : MdfClass.baseClass->MdfClass.baseClass in resource 'platform:/resource/ft-modelbank-models/domain/localRefApplication/X_CARD_TYPE.domain'.
### DSGEN: 2022-11-29 11:53:43,027 WARN  c.o.domain.resource.DomainDSLResource,315: Cyclic resolution of lazy links : MdfClass.baseClass->MdfClass.baseClass in resource 'platform:/resource/ft-modelbank-models/domain/localRefApplication/X_CARD_TYPE.domain'.
### DSGEN: 2022-11-29 11:53:43,027 WARN  c.o.domain.resource.DomainDSLResource,315: Cyclic resolution of lazy links : MdfClass.baseClass->MdfClass.baseClass in resource 'platform:/resource/ft-modelbank-models/domain/localRefApplication/X_BENEFICIARY.domain'.
### DSGEN: 2022-11-29 11:53:43,027 WARN  c.o.domain.resource.DomainDSLResource,315: Cyclic resolution of lazy links : MdfClass.baseClass->MdfClass.baseClass in resource 'platform:/resource/ft-modelbank-models/domain/localRefApplication/X_BENEFICIARY.domain'.
### DSGEN: 2022-11-29 11:53:43,027 WARN  c.o.domain.resource.DomainDSLResource,315: Cyclic resolution of lazy links : MdfClass.baseClass->MdfClass.baseClass in resource 'platform:/resource/ft-modelbank-models/domain/localRefApplication/X_ASSET_REGISTER.domain'.
### DSGEN: 2022-11-29 11:53:43,027 WARN  c.o.domain.resource.DomainDSLResource,315: Cyclic resolution of lazy links : MdfClass.baseClass->MdfClass.baseClass in resource 'platform:/resource/ft-modelbank-models/domain/localRefApplication/X_ASSET_REGISTER.domain'.
### DSGEN: 2022-11-29 11:53:43,027 WARN  c.o.domain.resource.DomainDSLResource,315: Cyclic resolution of lazy links : MdfClass.baseClass->MdfClass.baseClass in resource 'platform:/resource/ft-modelbank-models/domain/localRefApplication/X_AC_LOCKED_EVENTS.domain'.
### DSGEN: 2022-11-29 11:53:43,027 WARN  c.o.domain.resource.DomainDSLResource,315: Cyclic resolution of lazy links : MdfClass.baseClass->MdfClass.baseClass in resource 'platform:/resource/ft-modelbank-models/domain/localRefApplication/X_AC_LOCKED_EVENTS.domain'.
### DSGEN: 2022-11-29 11:53:43,043 WARN  c.o.domain.resource.DomainDSLResource,315: Cyclic resolution of lazy links : MdfClass.baseClass->MdfClass.baseClass in resource 'platform:/resource/ft-modelbank-models/domain/localRefApplication/X_AC_INWARD_ENTRY.domain'.
### DSGEN: 2022-11-29 11:53:43,043 WARN  c.o.domain.resource.DomainDSLResource,315: Cyclic resolution of lazy links : MdfClass.baseClass->MdfClass.baseClass in resource 'platform:/resource/ft-modelbank-models/domain/localRefApplication/X_AC_INWARD_ENTRY.domain'.
### DSGEN: 2022-11-29 11:53:43,043 WARN  c.o.domain.resource.DomainDSLResource,315: Cyclic resolution of lazy links : MdfClass.baseClass->MdfClass.baseClass in resource 'platform:/resource/ft-modelbank-models/domain/localRefApplication/X_AC_FUNDS_AUTHORISATION.domain'.
### DSGEN: 2022-11-29 11:53:43,043 WARN  c.o.domain.resource.DomainDSLResource,315: Cyclic resolution of lazy links : MdfClass.baseClass->MdfClass.baseClass in resource 'platform:/resource/ft-modelbank-models/domain/localRefApplication/X_AC_FUNDS_AUTHORISATION.domain'.
### DSGEN: 2022-11-29 11:53:43,043 WARN  c.o.domain.resource.DomainDSLResource,315: Cyclic resolution of lazy links : MdfClass.baseClass->MdfClass.baseClass in resource 'platform:/resource/ft-modelbank-models/domain/localRefApplication/X_AC_ENTRY_PARAM.domain'.
### DSGEN: 2022-11-29 11:53:43,043 WARN  c.o.domain.resource.DomainDSLResource,315: Cyclic resolution of lazy links : MdfClass.baseClass->MdfClass.baseClass in resource 'platform:/resource/ft-modelbank-models/domain/localRefApplication/X_AC_ENTRY_PARAM.domain'.
### DSGEN: 2022-11-29 11:53:43,043 WARN  c.o.domain.resource.DomainDSLResource,315: Cyclic resolution of lazy links : MdfClass.baseClass->MdfClass.baseClass in resource 'platform:/resource/ft-modelbank-models/domain/localRefApplication/X_ACCOUNT_STATEMENT.domain'.
### DSGEN: 2022-11-29 11:53:43,043 WARN  c.o.domain.resource.DomainDSLResource,315: Cyclic resolution of lazy links : MdfClass.baseClass->MdfClass.baseClass in resource 'platform:/resource/ft-modelbank-models/domain/localRefApplication/X_ACCOUNT_STATEMENT.domain'.
### DSGEN: 2022-11-29 11:53:43,043 WARN  c.o.domain.resource.DomainDSLResource,315: Cyclic resolution of lazy links : MdfClass.baseClass->MdfClass.baseClass in resource 'platform:/resource/ft-modelbank-models/domain/localRefApplication/X_ACCOUNT_CLOSURE.domain'.
### DSGEN: 2022-11-29 11:53:43,058 WARN  c.o.domain.resource.DomainDSLResource,315: Cyclic resolution of lazy links : MdfClass.baseClass->MdfClass.baseClass in resource 'platform:/resource/ft-modelbank-models/domain/localRefApplication/X_ACCOUNT_CLOSURE.domain'.
### DSGEN: 2022-11-29 11:53:43,060 WARN  c.o.domain.resource.DomainDSLResource,315: Cyclic resolution of lazy links : MdfClass.baseClass->MdfClass.baseClass in resource 'platform:/resource/ft-modelbank-models/domain/localRefApplication/X_ACCOUNT.domain'.
### DSGEN: 2022-11-29 11:53:43,060 WARN  c.o.domain.resource.DomainDSLResource,315: Cyclic resolution of lazy links : MdfClass.baseClass->MdfClass.baseClass in resource 'platform:/resource/ft-modelbank-models/domain/localRefApplication/X_ACCOUNT.domain'.
### DSGEN: 2022-11-29 11:53:43,060 WARN  c.o.domain.resource.DomainDSLResource,315: Cyclic resolution of lazy links : MdfClass.baseClass->MdfClass.baseClass in resource 'platform:/resource/ft-modelbank-models/domain/localRefApplication/X_AA_PRODUCT_DESIGNER.domain'.
### DSGEN: 2022-11-29 11:53:43,060 WARN  c.o.domain.resource.DomainDSLResource,315: Cyclic resolution of lazy links : MdfClass.baseClass->MdfClass.baseClass in resource 'platform:/resource/ft-modelbank-models/domain/localRefApplication/X_AA_PRODUCT_DESIGNER.domain'.
### DSGEN: 2022-11-29 11:53:43,060 WARN  c.o.domain.resource.DomainDSLResource,315: Cyclic resolution of lazy links : MdfClass.baseClass->MdfClass.baseClass in resource 'platform:/resource/ft-modelbank-models/domain/localRefApplication/X_AA_PRD_DES_TERM_AMOUNT.domain'.
### DSGEN: 2022-11-29 11:53:43,060 WARN  c.o.domain.resource.DomainDSLResource,315: Cyclic resolution of lazy links : MdfClass.baseClass->MdfClass.baseClass in resource 'platform:/resource/ft-modelbank-models/domain/localRefApplication/X_AA_PRD_DES_TERM_AMOUNT.domain'.
### DSGEN: 2022-11-29 11:53:43,060 WARN  c.o.domain.resource.DomainDSLResource,315: Cyclic resolution of lazy links : MdfClass.baseClass->MdfClass.baseClass in resource 'platform:/resource/ft-modelbank-models/domain/localRefApplication/X_AA_PRD_DES_TAX.domain'.
### DSGEN: 2022-11-29 11:53:43,060 WARN  c.o.domain.resource.DomainDSLResource,315: Cyclic resolution of lazy links : MdfClass.baseClass->MdfClass.baseClass in resource 'platform:/resource/ft-modelbank-models/domain/localRefApplication/X_AA_PRD_DES_TAX.domain'.
### DSGEN: 2022-11-29 11:53:43,060 WARN  c.o.domain.resource.DomainDSLResource,315: Cyclic resolution of lazy links : MdfClass.baseClass->MdfClass.baseClass in resource 'platform:/resource/ft-modelbank-models/domain/localRefApplication/X_AA_PRD_DES_SETTLEMENT.domain'.
### DSGEN: 2022-11-29 11:53:43,076 WARN  c.o.domain.resource.DomainDSLResource,315: Cyclic resolution of lazy links : MdfClass.baseClass->MdfClass.baseClass in resource 'platform:/resource/ft-modelbank-models/domain/localRefApplication/X_AA_PRD_DES_SETTLEMENT.domain'.
### DSGEN: 2022-11-29 11:53:43,076 WARN  c.o.domain.resource.DomainDSLResource,315: Cyclic resolution of lazy links : MdfClass.baseClass->MdfClass.baseClass in resource 'platform:/resource/ft-modelbank-models/domain/localRefApplication/X_AA_PRD_DES_SAFE_DEPOSIT_BOX.domain'.
### DSGEN: 2022-11-29 11:53:43,076 WARN  c.o.domain.resource.DomainDSLResource,315: Cyclic resolution of lazy links : MdfClass.baseClass->MdfClass.baseClass in resource 'platform:/resource/ft-modelbank-models/domain/localRefApplication/X_AA_PRD_DES_SAFE_DEPOSIT_BOX.domain'.
### DSGEN: 2022-11-29 11:53:43,081 WARN  c.o.domain.resource.DomainDSLResource,315: Cyclic resolution of lazy links : MdfClass.baseClass->MdfClass.baseClass in resource 'platform:/resource/ft-modelbank-models/domain/localRefApplication/X_AA_PRD_DES_PERIODIC_CHARGES.domain'.
### DSGEN: 2022-11-29 11:53:43,081 WARN  c.o.domain.resource.DomainDSLResource,315: Cyclic resolution of lazy links : MdfClass.baseClass->MdfClass.baseClass in resource 'platform:/resource/ft-modelbank-models/domain/localRefApplication/X_AA_PRD_DES_PERIODIC_CHARGES.domain'.
### DSGEN: 2022-11-29 11:53:43,081 WARN  c.o.domain.resource.DomainDSLResource,315: Cyclic resolution of lazy links : MdfClass.baseClass->MdfClass.baseClass in resource 'platform:/resource/ft-modelbank-models/domain/localRefApplication/X_AA_PRD_DES_PAYMENT_SCHEDULE.domain'.
### DSGEN: 2022-11-29 11:53:43,081 WARN  c.o.domain.resource.DomainDSLResource,315: Cyclic resolution of lazy links : MdfClass.baseClass->MdfClass.baseClass in resource 'platform:/resource/ft-modelbank-models/domain/localRefApplication/X_AA_PRD_DES_PAYMENT_SCHEDULE.domain'.
### DSGEN: 2022-11-29 11:53:43,081 WARN  c.o.domain.resource.DomainDSLResource,315: Cyclic resolution of lazy links : MdfClass.baseClass->MdfClass.baseClass in resource 'platform:/resource/ft-modelbank-models/domain/localRefApplication/X_AA_PRD_DES_INTEREST.domain'.
### DSGEN: 2022-11-29 11:53:43,091 WARN  c.o.domain.resource.DomainDSLResource,315: Cyclic resolution of lazy links : MdfClass.baseClass->MdfClass.baseClass in resource 'platform:/resource/ft-modelbank-models/domain/localRefApplication/X_AA_PRD_DES_INTEREST.domain'.
### DSGEN: 2022-11-29 11:53:43,091 WARN  c.o.domain.resource.DomainDSLResource,315: Cyclic resolution of lazy links : MdfClass.baseClass->MdfClass.baseClass in resource 'platform:/resource/ft-modelbank-models/domain/localRefApplication/X_AA_PRD_DES_CUSTOMER.domain'.
### DSGEN: 2022-11-29 11:53:43,091 WARN  c.o.domain.resource.DomainDSLResource,315: Cyclic resolution of lazy links : MdfClass.baseClass->MdfClass.baseClass in resource 'platform:/resource/ft-modelbank-models/domain/localRefApplication/X_AA_PRD_DES_CUSTOMER.domain'.
### DSGEN: 2022-11-29 11:53:43,091 WARN  c.o.domain.resource.DomainDSLResource,315: Cyclic resolution of lazy links : MdfClass.baseClass->MdfClass.baseClass in resource 'platform:/resource/ft-modelbank-models/domain/localRefApplication/X_AA_PRD_DES_CHARGE.domain'.
### DSGEN: 2022-11-29 11:53:43,091 WARN  c.o.domain.resource.DomainDSLResource,315: Cyclic resolution of lazy links : MdfClass.baseClass->MdfClass.baseClass in resource 'platform:/resource/ft-modelbank-models/domain/localRefApplication/X_AA_PRD_DES_CHARGE.domain'.
### DSGEN: 2022-11-29 11:53:43,091 WARN  c.o.domain.resource.DomainDSLResource,315: Cyclic resolution of lazy links : MdfClass.baseClass->MdfClass.baseClass in resource 'platform:/resource/ft-modelbank-models/domain/localRefApplication/X_AA_PRD_DES_ACCOUNT.domain'.
### DSGEN: 2022-11-29 11:53:43,091 WARN  c.o.domain.resource.DomainDSLResource,315: Cyclic resolution of lazy links : MdfClass.baseClass->MdfClass.baseClass in resource 'platform:/resource/ft-modelbank-models/domain/localRefApplication/X_AA_PRD_DES_ACCOUNT.domain'.
### DSGEN: 2022-11-29 11:53:43,091 WARN  c.o.domain.resource.DomainDSLResource,315: Cyclic resolution of lazy links : MdfClass.baseClass->MdfClass.baseClass in resource 'platform:/resource/ft-modelbank-models/domain/localRefApplication/X_AA_ARRANGEMENT_ACTIVITY.domain'.
### DSGEN: 2022-11-29 11:53:43,091 WARN  c.o.domain.resource.DomainDSLResource,315: Cyclic resolution of lazy links : MdfClass.baseClass->MdfClass.baseClass in resource 'platform:/resource/ft-modelbank-models/domain/localRefApplication/X_AA_ARRANGEMENT_ACTIVITY.domain'.
### DSGEN: 2022-11-29 11:53:45,519 INFO  c.o.w.generation.GenerationCommon,555: Done indexing 964 models in 2.779s
### DSGEN: 2022-11-29 11:53:45,519 INFO  c.o.w.generation.GenerationCommon,557: Done pre-loading 964 models (req. for CodeGenerator2 cross refs) in 18.588s
### DSGEN: 2022-11-29 11:53:45,519 INFO  c.o.w.generation.GenerationCommon,24: Heap stats; used: 1746 MB, free: 622 MB, total: 2369 MB, max: 3641 MB
### DSGEN: 2022-11-29 11:53:45,534 INFO  c.o.w.generation.GenerationCommon,450: About to validate 964 models...
### DSGEN: 2022-11-29 11:54:14,124 INFO  c.o.w.generation.GenerationCommon,486: Done validating 964 models in 28.591s
### DSGEN: 2022-11-29 11:54:14,125 INFO  c.o.w.generation.GenerationCommon,24: Heap stats; used: 2420 MB, free: 698 MB, total: 3119 MB, max: 3641 MB
### DSGEN: 2022-11-29 11:54:14,126 WARN  DSGeneratorSummary,489: Validation started   at : 2022.11.29 11:53:45
### DSGEN: 2022-11-29 11:54:14,126 WARN  DSGeneratorSummary,495: No Errors Found.
### DSGEN: 2022-11-29 11:54:14,127 WARN  DSGeneratorSummary,497: Validation completed at : 2022.11.29 11:54:14 (took : 28.591s)
### DSGEN: 2022-11-29 11:54:14,127 INFO  DSGeneratorTiming,233: Completed at: 2022.11.29 11:54:14
### DSGEN: 2022-11-29 11:54:14,127 INFO  DSGeneratorTiming,235: Took: 47.183s
### DSGEN: 2022-11-29 11:54:14,128 INFO  DSGeneratorTiming,236: Total number of resources: 964
### DSGEN: 2022-11-29 11:54:14,128 INFO  DSGeneratorTiming,238: ----------------------------------------------------------------------------

### DSGEN: 2022-11-29 11:54:14,128 INFO  DSGeneratorTiming,289: T24 Models (XML): XML for Enquiries Generator 

### DSGEN: 2022-11-29 11:54:14,128 INFO  DSGeneratorTiming,290: Started at: 2022.11.29 11:54:14
### DSGEN: 2022-11-29 11:54:14,145 INFO  c.o.w.generation.GenerationCommon,582: Generating code, cartridge T24 Models (XML): XML for Enquiries into F/ft-modelbank-models-gen/src/xml-t24i ...
### DSGEN: 2022-11-29 11:54:14,276 INFO  c.o.w.generation.GenerationCommon,594: Completed successfully generating code for cartridge T24 Models (XML): XML for Enquiries, it took 0.145s
### DSGEN: 2022-11-29 11:54:14,276 INFO  c.o.w.generation.GenerationCommon,24: Heap stats; used: 2429 MB, free: 689 MB, total: 3119 MB, max: 3641 MB
### DSGEN: 2022-11-29 11:54:14,276 INFO  DSGeneratorTiming,314: Completed at: 2022.11.29 11:54:14
### DSGEN: 2022-11-29 11:54:14,292 INFO  DSGeneratorTiming,316: Took: 0.149s
### DSGEN: 2022-11-29 11:54:14,292 INFO  DSGeneratorTiming,317: Number of models used by this generator: 6
### DSGEN: 2022-11-29 11:54:14,292 INFO  DSGeneratorTiming,318: ----------------------------------------------------------------------------

### DSGEN: 2022-11-29 11:54:14,292 INFO  DSGeneratorTiming,289: T24 Models (XML): XML for Local Fields (LT/LRT) Generator 

### DSGEN: 2022-11-29 11:54:14,292 INFO  DSGeneratorTiming,290: Started at: 2022.11.29 11:54:14
### DSGEN: 2022-11-29 11:54:14,308 INFO  c.o.w.generation.GenerationCommon,582: Generating code, cartridge T24 Models (XML): XML for Local Fields (LT/LRT) into F/ft-modelbank-models-gen/src/xml-t24i ...
### DSGEN: 2022-11-29 11:54:30,424 INFO  c.o.w.generation.GenerationCommon,594: Completed successfully generating code for cartridge T24 Models (XML): XML for Local Fields (LT/LRT), it took 16.115s
### DSGEN: 2022-11-29 11:54:30,424 INFO  c.o.w.generation.GenerationCommon,24: Heap stats; used: 2147 MB, free: 1268 MB, total: 3416 MB, max: 3641 MB
### DSGEN: 2022-11-29 11:54:30,426 INFO  DSGeneratorTiming,314: Completed at: 2022.11.29 11:54:30
### DSGEN: 2022-11-29 11:54:30,426 INFO  DSGeneratorTiming,316: Took: 16.124s
### DSGEN: 2022-11-29 11:54:30,426 INFO  DSGeneratorTiming,317: Number of models used by this generator: 953
### DSGEN: 2022-11-29 11:54:30,426 INFO  DSGeneratorTiming,318: ----------------------------------------------------------------------------

### DSGEN: 2022-11-29 11:54:30,427 INFO  DSGeneratorTiming,289: T24 Models (XML): XML for Versions Generator 

### DSGEN: 2022-11-29 11:54:30,427 INFO  DSGeneratorTiming,290: Started at: 2022.11.29 11:54:30
### DSGEN: 2022-11-29 11:54:30,427 INFO  c.o.w.generation.GenerationCommon,582: Generating code, cartridge T24 Models (XML): XML for Versions into F/ft-modelbank-models-gen/src/xml-t24i ...
### DSGEN: 2022-11-29 11:54:30,456 INFO  c.o.w.generation.GenerationCommon,594: Completed successfully generating code for cartridge T24 Models (XML): XML for Versions, it took 0.033s
### DSGEN: 2022-11-29 11:54:30,456 INFO  c.o.w.generation.GenerationCommon,24: Heap stats; used: 2147 MB, free: 1268 MB, total: 3416 MB, max: 3641 MB
### DSGEN: 2022-11-29 11:54:30,462 INFO  DSGeneratorTiming,314: Completed at: 2022.11.29 11:54:30
### DSGEN: 2022-11-29 11:54:30,462 INFO  DSGeneratorTiming,316: Took: 0.034s
### DSGEN: 2022-11-29 11:54:30,462 INFO  DSGeneratorTiming,317: Number of models used by this generator: 3
### DSGEN: 2022-11-29 11:54:30,462 INFO  DSGeneratorTiming,318: ----------------------------------------------------------------------------

### DSGEN: 2022-11-29 11:54:30,464 WARN  c.o.w.generation.GenerationCommon,342: Code Generation skipped for the filetypes: [eson] as no suitable catridges enabled.
### DSGEN: 2022-11-29 11:54:30,464 INFO  c.o.w.generation.GenerationCommon,345: Completed running all new style code generators, and (should) have freed up up memory used by them
### DSGEN: 2022-11-29 11:54:30,464 INFO  c.o.w.generation.GenerationCommon,24: Heap stats; used: 2147 MB, free: 1268 MB, total: 3416 MB, max: 3641 MB
### DSGEN: 2022-11-29 11:54:30,464 INFO  c.o.w.generation.GenerationCommon,198: Completed all code generation cartridges, in total it took 63.522s
### DSGEN: 2022-11-29 11:54:30,464 WARN  DSGeneratorSummary,358: Generation started   at : 2022.11.29 11:53:26
### DSGEN: 2022-11-29 11:54:30,464 WARN  DSGeneratorSummary,373: Generation completed at : 2022.11.29 11:54:30 (took : 63.522s)
### DSGEN: 2022-11-29 11:54:30,464 WARN  DSGeneratorSummary,375: Total of 0 errors.
### DSGEN: 2022-11-29 11:54:30,466 INFO  c.o.w.generation.headless.RunGeneration,357: Code generation for project 'ft-modelbank-models' SUCCESSFULLY done.
### DSGEN: 2022-11-29 11:54:30,466 INFO  c.o.w.generation.headless.RunGeneration,129: DS Generator finished successfully and terminates now (total took 74.378s).
